11-04-2020 Wednesday CST 21:35:08.285   [main] INFO  com.tech.bankproject.model.RegisterModel:73 - Please Enter Username:
11-04-2020 Wednesday CST 21:35:35.724   [main] INFO  com.tech.bankproject.model.RegisterModel:75 - mukesh
11-04-2020 Wednesday CST 21:35:35.728   [main] INFO  com.tech.bankproject.model.RegisterModel:76 - Please Enter Password:
11-04-2020 Wednesday CST 21:35:43.745   [main] INFO  com.tech.bankproject.model.RegisterModel:78 - pass
11-04-2020 Wednesday CST 21:37:01.448   [main] INFO  com.tech.bankproject.model.RegisterModel:73 - Please Enter Username:
11-04-2020 Wednesday CST 21:37:06.142   [main] INFO  com.tech.bankproject.model.RegisterModel:75 - dad
11-04-2020 Wednesday CST 21:37:06.147   [main] INFO  com.tech.bankproject.model.RegisterModel:76 - Please Enter Password:
11-04-2020 Wednesday CST 21:37:10.562   [main] INFO  com.tech.bankproject.model.RegisterModel:78 - sdasd
11-04-2020 Wednesday CST 21:39:13.131   [main] INFO  com.tech.bankproject.model.RegisterModel:73 - Please Enter Username:
11-04-2020 Wednesday CST 21:39:21.827   [main] INFO  com.tech.bankproject.model.RegisterModel:75 - mukesh
11-04-2020 Wednesday CST 21:39:21.830   [main] INFO  com.tech.bankproject.model.RegisterModel:76 - Please Enter Password:
11-04-2020 Wednesday CST 21:39:30.783   [main] INFO  com.tech.bankproject.model.RegisterModel:78 - pass
11-04-2020 Wednesday CST 22:04:41.656   [main] INFO  com.tech.bankproject.model.RegisterModel:76 - Please Enter Username:
11-04-2020 Wednesday CST 22:04:55.754   [main] INFO  com.tech.bankproject.model.RegisterModel:78 - mukesh
11-04-2020 Wednesday CST 22:04:55.765   [main] INFO  com.tech.bankproject.model.RegisterModel:79 - Please Enter Password:
11-04-2020 Wednesday CST 22:04:59.644   [main] INFO  com.tech.bankproject.model.RegisterModel:81 - pass
11-04-2020 Wednesday CST 22:04:59.648   [main] INFO  com.tech.bankproject.model.RegisterModel:82 - No ERROR
11-04-2020 Wednesday CST 22:08:06.764   [main] INFO  com.tech.bankproject.model.RegisterModel:76 - Please Enter Username:
11-04-2020 Wednesday CST 22:08:09.931   [main] INFO  com.tech.bankproject.model.RegisterModel:78 - mukesh
11-04-2020 Wednesday CST 22:08:09.934   [main] INFO  com.tech.bankproject.model.RegisterModel:79 - Please Enter Password:
11-04-2020 Wednesday CST 22:08:13.410   [main] INFO  com.tech.bankproject.model.RegisterModel:81 - pass
11-04-2020 Wednesday CST 22:08:13.412   [main] INFO  com.tech.bankproject.model.RegisterModel:82 - No ERROR
11-04-2020 Wednesday CST 22:09:42.251   [main] INFO  com.tech.bankproject.model.RegisterModel:76 - Please Enter Username:
11-04-2020 Wednesday CST 22:09:45.171   [main] INFO  com.tech.bankproject.model.RegisterModel:78 - mukesh
11-04-2020 Wednesday CST 22:09:45.173   [main] INFO  com.tech.bankproject.model.RegisterModel:79 - Please Enter Password:
11-04-2020 Wednesday CST 22:09:48.090   [main] INFO  com.tech.bankproject.model.RegisterModel:81 - pass
11-04-2020 Wednesday CST 22:09:48.092   [main] ERROR com.tech.bankproject.model.RegisterModel:82 - No ERROR
11-04-2020 Wednesday CST 22:19:25.977   [main] INFO  com.tech.bankproject.model.RegisterModel:76 - Please Enter Username:
11-04-2020 Wednesday CST 22:19:31.039   [main] INFO  com.tech.bankproject.model.RegisterModel:78 - mukesh
11-04-2020 Wednesday CST 22:19:31.044   [main] INFO  com.tech.bankproject.model.RegisterModel:79 - Please Enter Password:
11-04-2020 Wednesday CST 22:19:34.930   [main] INFO  com.tech.bankproject.model.RegisterModel:81 - pass
11-04-2020 Wednesday CST 22:19:34.932   [main] ERROR com.tech.bankproject.model.RegisterModel:82 - No ERROR
11-04-2020 Wednesday CST 22:30:36.969   [main] INFO  com.tech.bankproject.model.RegisterModel:76 - Please Enter Username:
11-04-2020 Wednesday CST 22:30:43.999   [main] TRACE com.tech.bankproject.model.RegisterModel:78 - mukesh
11-04-2020 Wednesday CST 22:30:44.073   [main] INFO  com.tech.bankproject.model.RegisterModel:79 - Please Enter Password:
11-04-2020 Wednesday CST 22:30:50.410   [main] TRACE com.tech.bankproject.model.RegisterModel:81 - pass
11-04-2020 Wednesday CST 22:30:50.412   [main] ERROR com.tech.bankproject.model.RegisterModel:82 - No ERROR
11-04-2020 Wednesday CST 22:35:15.490   [main] INFO  com.tech.bankproject.model.RegisterModel:76 - Please Enter Username:
11-04-2020 Wednesday CST 22:35:18.732   [main] TRACE com.tech.bankproject.model.RegisterModel:78 - mukesh
11-04-2020 Wednesday CST 22:35:18.734   [main] INFO  com.tech.bankproject.model.RegisterModel:79 - Please Enter Password:
11-04-2020 Wednesday CST 22:35:23.436   [main] TRACE com.tech.bankproject.model.RegisterModel:81 - pass
11-04-2020 Wednesday CST 22:35:23.446   [main] ERROR com.tech.bankproject.model.RegisterModel:82 - No ERROR
11-04-2020 Wednesday CST 22:50:25.410   [main] INFO  com.tech.bankproject.model.RegisterModel:76 - Please Enter Username:
11-04-2020 Wednesday CST 22:50:33.557   [main] TRACE com.tech.bankproject.model.RegisterModel:78 - entered username:please
11-04-2020 Wednesday CST 22:50:33.565   [main] INFO  com.tech.bankproject.model.RegisterModel:79 - Please Enter Password:
11-04-2020 Wednesday CST 22:50:38.564   [main] TRACE com.tech.bankproject.model.RegisterModel:81 - entered password:pass
11-04-2020 Wednesday CST 22:50:38.567   [main] ERROR com.tech.bankproject.model.RegisterModel:82 - No ERROR
11-04-2020 Wednesday CST 22:50:38.573   [main] FATAL com.tech.bankproject.model.RegisterModel:83 - Fatal
11-04-2020 Wednesday CST 22:50:38.582   [main] WARN  com.tech.bankproject.model.RegisterModel:84 - warn
11-04-2020 Wednesday CST 22:52:44.926   [main] INFO  com.tech.bankproject.model.RegisterModel:76 - Please Enter Username:
11-04-2020 Wednesday CST 22:52:54.969   [main] TRACE com.tech.bankproject.model.RegisterModel:78 - entered username:
11-04-2020 Wednesday CST 22:52:54.975   [main] INFO  com.tech.bankproject.model.RegisterModel:79 - Please Enter Password:
11-04-2020 Wednesday CST 22:52:56.933   [main] TRACE com.tech.bankproject.model.RegisterModel:81 - entered password:mukesh
11-04-2020 Wednesday CST 22:52:56.935   [main] ERROR com.tech.bankproject.model.RegisterModel:82 - No ERROR
11-04-2020 Wednesday CST 22:52:56.937   [main] FATAL com.tech.bankproject.model.RegisterModel:83 - Fatal
11-04-2020 Wednesday CST 22:52:56.940   [main] WARN  com.tech.bankproject.model.RegisterModel:84 - warn
11-04-2020 Wednesday CST 23:01:46.504   [main] FATAL com.tech.bankproject.model.RegisterModel:76 - Please Enter Username:
11-04-2020 Wednesday CST 23:01:52.420   [main] TRACE com.tech.bankproject.model.RegisterModel:78 - entered username:mukesh
11-04-2020 Wednesday CST 23:01:52.422   [main] FATAL com.tech.bankproject.model.RegisterModel:79 - Please Enter Password:
11-04-2020 Wednesday CST 23:01:56.046   [main] TRACE com.tech.bankproject.model.RegisterModel:81 - entered password:pass
11-04-2020 Wednesday CST 23:01:56.088   [main] ERROR com.tech.bankproject.model.RegisterModel:82 - No ERROR
11-04-2020 Wednesday CST 23:01:56.094   [main] WARN  com.tech.bankproject.model.RegisterModel:83 - warn
11-05-2020 Thursday CST 13:37:07.545   [main] FATAL com.tech.bankproject.model.RegisterModel:91 - Please Enter Username:
11-05-2020 Thursday CST 13:37:12.372   [main] TRACE com.tech.bankproject.model.RegisterModel:93 - entered username:mukesh
11-05-2020 Thursday CST 13:37:12.374   [main] FATAL com.tech.bankproject.model.RegisterModel:94 - Please Enter Password:
11-05-2020 Thursday CST 13:37:15.967   [main] TRACE com.tech.bankproject.model.RegisterModel:96 - entered password:pass
11-05-2020 Thursday CST 13:47:22.060   [main] FATAL com.tech.bankproject.model.RegisterModel:91 - Please Enter Username:
11-05-2020 Thursday CST 13:47:26.752   [main] TRACE com.tech.bankproject.model.RegisterModel:93 - entered username:mmmm
11-05-2020 Thursday CST 13:47:26.754   [main] FATAL com.tech.bankproject.model.RegisterModel:94 - Please Enter Password:
11-05-2020 Thursday CST 13:47:30.729   [main] TRACE com.tech.bankproject.model.RegisterModel:96 - entered password:passsss
11-05-2020 Thursday CST 13:49:01.404   [main] FATAL com.tech.bankproject.model.RegisterModel:91 - Please Enter Username:
11-05-2020 Thursday CST 13:49:05.608   [main] TRACE com.tech.bankproject.model.RegisterModel:93 - entered username:mmmmm
11-05-2020 Thursday CST 13:49:05.612   [main] FATAL com.tech.bankproject.model.RegisterModel:94 - Please Enter Password:
11-05-2020 Thursday CST 13:49:08.615   [main] TRACE com.tech.bankproject.model.RegisterModel:96 - entered password:pppp
11-05-2020 Thursday CST 13:53:25.858   [main] FATAL com.tech.bankproject.model.RegisterModel:91 - Please Enter Username:
11-05-2020 Thursday CST 13:53:52.188   [main] TRACE com.tech.bankproject.model.RegisterModel:93 - entered username:mukesh
11-05-2020 Thursday CST 13:53:52.194   [main] FATAL com.tech.bankproject.model.RegisterModel:94 - Please Enter Password:
11-05-2020 Thursday CST 13:53:57.033   [main] TRACE com.tech.bankproject.model.RegisterModel:96 - entered password:pass
11-05-2020 Thursday CST 14:16:44.897   [main] FATAL com.tech.bankproject.model.RegisterModel:113 - Please Enter Username:
11-05-2020 Thursday CST 14:16:48.451   [main] TRACE com.tech.bankproject.model.RegisterModel:115 - entered username:mukesh
11-05-2020 Thursday CST 14:16:48.462   [main] FATAL com.tech.bankproject.model.RegisterModel:116 - Please Enter Password:
11-05-2020 Thursday CST 14:16:50.646   [main] TRACE com.tech.bankproject.model.RegisterModel:118 - entered password:pass
11-05-2020 Thursday CST 14:16:50.647   [main] FATAL com.tech.bankproject.model.RegisterModel:119 - Please enter Email:
11-05-2020 Thursday CST 14:17:14.540   [main] TRACE com.tech.bankproject.model.RegisterModel:121 - entered email:cmukesheee@gmail.com
11-05-2020 Thursday CST 14:22:45.275   [main] FATAL com.tech.bankproject.model.RegisterModel:91 - Please Enter Username:
11-05-2020 Thursday CST 14:22:50.032   [main] TRACE com.tech.bankproject.model.RegisterModel:93 - entered username:mukesh
11-05-2020 Thursday CST 14:22:50.053   [main] FATAL com.tech.bankproject.model.RegisterModel:94 - Please Enter Password:
11-05-2020 Thursday CST 14:22:53.878   [main] TRACE com.tech.bankproject.model.RegisterModel:96 - entered password:pass
11-05-2020 Thursday CST 14:22:53.926   [main] FATAL com.tech.bankproject.model.RegisterModel:113 - Please Enter Username:
11-05-2020 Thursday CST 14:24:42.596   [main] FATAL com.tech.bankproject.model.RegisterModel:91 - Please Enter Username:
11-05-2020 Thursday CST 14:24:55.177   [main] TRACE com.tech.bankproject.model.RegisterModel:93 - entered username:mukesh
11-05-2020 Thursday CST 14:24:55.183   [main] FATAL com.tech.bankproject.model.RegisterModel:94 - Please Enter Password:
11-05-2020 Thursday CST 14:25:00.093   [main] TRACE com.tech.bankproject.model.RegisterModel:96 - entered password:pass
11-05-2020 Thursday CST 14:27:12.861   [main] FATAL com.tech.bankproject.model.RegisterModel:91 - Please Enter Username:
11-05-2020 Thursday CST 14:27:16.793   [main] TRACE com.tech.bankproject.model.RegisterModel:93 - entered username:mukesh
11-05-2020 Thursday CST 14:27:16.797   [main] FATAL com.tech.bankproject.model.RegisterModel:94 - Please Enter Password:
11-05-2020 Thursday CST 14:27:21.493   [main] TRACE com.tech.bankproject.model.RegisterModel:96 - entered password:pass
11-05-2020 Thursday CST 16:19:26.388   [main] FATAL com.tech.bankproject.model.RegisterModel:113 - Please Enter Username:
11-05-2020 Thursday CST 16:19:42.594   [main] TRACE com.tech.bankproject.model.RegisterModel:115 - entered username:mukesh
11-05-2020 Thursday CST 16:19:42.596   [main] FATAL com.tech.bankproject.model.RegisterModel:116 - Please Enter Password:
11-05-2020 Thursday CST 16:19:46.606   [main] TRACE com.tech.bankproject.model.RegisterModel:118 - entered password:pass
11-05-2020 Thursday CST 16:19:46.610   [main] FATAL com.tech.bankproject.model.RegisterModel:119 - Please enter Email:
11-05-2020 Thursday CST 16:19:55.176   [main] TRACE com.tech.bankproject.model.RegisterModel:121 - entered email:cmukesh8688@gmail.com
11-05-2020 Thursday CST 16:26:38.313   [main] FATAL com.tech.bankproject.model.RegisterModel:91 - Please Enter Username:
11-05-2020 Thursday CST 16:26:43.231   [main] TRACE com.tech.bankproject.model.RegisterModel:93 - entered username:mukesh
11-05-2020 Thursday CST 16:26:43.234   [main] FATAL com.tech.bankproject.model.RegisterModel:94 - Please Enter Password:
11-05-2020 Thursday CST 16:26:45.763   [main] TRACE com.tech.bankproject.model.RegisterModel:96 - entered password:pass
11-05-2020 Thursday CST 16:27:05.030   [main] FATAL com.tech.bankproject.model.RegisterModel:91 - Please Enter Username:
11-05-2020 Thursday CST 16:27:08.909   [main] TRACE com.tech.bankproject.model.RegisterModel:93 - entered username:mmfdsfsf
11-05-2020 Thursday CST 16:27:08.911   [main] FATAL com.tech.bankproject.model.RegisterModel:94 - Please Enter Password:
11-05-2020 Thursday CST 16:27:11.148   [main] TRACE com.tech.bankproject.model.RegisterModel:96 - entered password:fsafasf
11-05-2020 Thursday CST 16:28:22.288   [main] FATAL com.tech.bankproject.model.RegisterModel:113 - Please Enter Username:
11-05-2020 Thursday CST 16:28:30.044   [main] TRACE com.tech.bankproject.model.RegisterModel:115 - entered username:preet
11-05-2020 Thursday CST 16:28:30.045   [main] FATAL com.tech.bankproject.model.RegisterModel:116 - Please Enter Password:
11-05-2020 Thursday CST 16:28:35.842   [main] TRACE com.tech.bankproject.model.RegisterModel:118 - entered password:pass
11-05-2020 Thursday CST 16:28:35.845   [main] FATAL com.tech.bankproject.model.RegisterModel:119 - Please enter Email:
11-05-2020 Thursday CST 16:28:42.939   [main] TRACE com.tech.bankproject.model.RegisterModel:121 - entered email:preet@gmail.com
11-05-2020 Thursday CST 16:34:44.488   [main] FATAL com.tech.bankproject.model.RegisterModel:113 - Please Enter Username:
11-05-2020 Thursday CST 16:34:59.026   [main] TRACE com.tech.bankproject.model.RegisterModel:115 - entered username:mukesh
11-05-2020 Thursday CST 16:34:59.046   [main] FATAL com.tech.bankproject.model.RegisterModel:116 - Please Enter Password:
11-05-2020 Thursday CST 16:35:02.481   [main] TRACE com.tech.bankproject.model.RegisterModel:118 - entered password:pass
11-05-2020 Thursday CST 16:35:02.492   [main] FATAL com.tech.bankproject.model.RegisterModel:119 - Please enter Email:
11-05-2020 Thursday CST 16:35:27.145   [main] TRACE com.tech.bankproject.model.RegisterModel:121 - entered email:cmukesh8688@gmail.com
11-05-2020 Thursday CST 16:37:24.519   [main] FATAL com.tech.bankproject.model.RegisterModel:113 - Please Enter Username:
11-05-2020 Thursday CST 16:37:31.404   [main] TRACE com.tech.bankproject.model.RegisterModel:115 - entered username:mukesh
11-05-2020 Thursday CST 16:37:31.419   [main] FATAL com.tech.bankproject.model.RegisterModel:116 - Please Enter Password:
11-05-2020 Thursday CST 16:37:37.461   [main] TRACE com.tech.bankproject.model.RegisterModel:118 - entered password:pass
11-05-2020 Thursday CST 16:37:37.467   [main] FATAL com.tech.bankproject.model.RegisterModel:119 - Please enter Email:
11-05-2020 Thursday CST 16:37:55.209   [main] TRACE com.tech.bankproject.model.RegisterModel:121 - entered email:cmukesh@gmail.com
11-05-2020 Thursday CST 16:43:42.702   [main] FATAL com.tech.bankproject.model.RegisterModel:113 - Please Enter Username:
11-05-2020 Thursday CST 16:43:46.540   [main] TRACE com.tech.bankproject.model.RegisterModel:115 - entered username:mukesh
11-05-2020 Thursday CST 16:43:46.554   [main] FATAL com.tech.bankproject.model.RegisterModel:116 - Please Enter Password:
11-05-2020 Thursday CST 16:43:48.918   [main] TRACE com.tech.bankproject.model.RegisterModel:118 - entered password:pass
11-05-2020 Thursday CST 16:43:48.941   [main] FATAL com.tech.bankproject.model.RegisterModel:119 - Please enter Email:
11-05-2020 Thursday CST 16:43:58.039   [main] TRACE com.tech.bankproject.model.RegisterModel:121 - entered email:cmukesh8688@gmail.com
11-05-2020 Thursday CST 16:46:21.834   [main] FATAL com.tech.bankproject.model.RegisterModel:113 - Please Enter Username:
11-05-2020 Thursday CST 16:46:25.605   [main] TRACE com.tech.bankproject.model.RegisterModel:115 - entered username:mukesh
11-05-2020 Thursday CST 16:46:25.619   [main] FATAL com.tech.bankproject.model.RegisterModel:116 - Please Enter Password:
11-05-2020 Thursday CST 16:46:27.915   [main] TRACE com.tech.bankproject.model.RegisterModel:118 - entered password:pass
11-05-2020 Thursday CST 16:46:27.942   [main] FATAL com.tech.bankproject.model.RegisterModel:119 - Please enter Email:
11-05-2020 Thursday CST 16:46:35.427   [main] TRACE com.tech.bankproject.model.RegisterModel:121 - entered email:cmukesh8688@gmail.com
11-05-2020 Thursday CST 16:51:35.919   [main] FATAL com.tech.bankproject.model.RegisterModel:113 - Please Enter Username:
11-05-2020 Thursday CST 16:51:39.036   [main] TRACE com.tech.bankproject.model.RegisterModel:115 - entered username:mukesh
11-05-2020 Thursday CST 16:51:39.049   [main] FATAL com.tech.bankproject.model.RegisterModel:116 - Please Enter Password:
11-05-2020 Thursday CST 16:51:46.385   [main] TRACE com.tech.bankproject.model.RegisterModel:118 - entered password:pass
11-05-2020 Thursday CST 16:51:46.391   [main] FATAL com.tech.bankproject.model.RegisterModel:119 - Please enter Email:
11-05-2020 Thursday CST 16:51:48.931   [main] TRACE com.tech.bankproject.model.RegisterModel:121 - entered email:dfadsf
11-05-2020 Thursday CST 16:55:27.594   [main] FATAL com.tech.bankproject.model.RegisterModel:113 - Please Enter Username:
11-05-2020 Thursday CST 16:55:30.846   [main] TRACE com.tech.bankproject.model.RegisterModel:115 - entered username:mukesh
11-05-2020 Thursday CST 16:55:30.860   [main] FATAL com.tech.bankproject.model.RegisterModel:116 - Please Enter Password:
11-05-2020 Thursday CST 16:55:33.324   [main] TRACE com.tech.bankproject.model.RegisterModel:118 - entered password:pass
11-05-2020 Thursday CST 16:55:33.352   [main] FATAL com.tech.bankproject.model.RegisterModel:119 - Please enter Email:
11-05-2020 Thursday CST 16:55:35.394   [main] TRACE com.tech.bankproject.model.RegisterModel:121 - entered email:afsdf
11-05-2020 Thursday CST 17:03:32.778   [main] FATAL com.tech.bankproject.model.RegisterModel:113 - Please Enter Username:
11-05-2020 Thursday CST 17:03:36.271   [main] TRACE com.tech.bankproject.model.RegisterModel:115 - entered username:preet
11-05-2020 Thursday CST 17:03:36.273   [main] FATAL com.tech.bankproject.model.RegisterModel:116 - Please Enter Password:
11-05-2020 Thursday CST 17:03:41.162   [main] TRACE com.tech.bankproject.model.RegisterModel:118 - entered password:pass
11-05-2020 Thursday CST 17:03:41.167   [main] FATAL com.tech.bankproject.model.RegisterModel:119 - Please enter Email:
11-05-2020 Thursday CST 17:03:53.607   [main] TRACE com.tech.bankproject.model.RegisterModel:121 - entered email:preet@gmail.com
11-05-2020 Thursday CST 17:06:59.417   [main] FATAL com.tech.bankproject.model.RegisterModel:113 - Please Enter Username:
11-05-2020 Thursday CST 17:07:05.321   [main] TRACE com.tech.bankproject.model.RegisterModel:115 - entered username:mukesh
11-05-2020 Thursday CST 17:07:05.335   [main] FATAL com.tech.bankproject.model.RegisterModel:116 - Please Enter Password:
11-05-2020 Thursday CST 17:07:08.100   [main] TRACE com.tech.bankproject.model.RegisterModel:118 - entered password:pass
11-05-2020 Thursday CST 17:07:08.106   [main] FATAL com.tech.bankproject.model.RegisterModel:119 - Please enter Email:
11-05-2020 Thursday CST 17:07:13.877   [main] TRACE com.tech.bankproject.model.RegisterModel:121 - entered email:email
11-05-2020 Thursday CST 17:10:38.077   [main] FATAL com.tech.bankproject.model.RegisterModel:113 - Please Enter Username:
11-05-2020 Thursday CST 17:10:47.163   [main] TRACE com.tech.bankproject.model.RegisterModel:115 - entered username:preet
11-05-2020 Thursday CST 17:10:47.167   [main] FATAL com.tech.bankproject.model.RegisterModel:116 - Please Enter Password:
11-05-2020 Thursday CST 17:10:59.355   [main] TRACE com.tech.bankproject.model.RegisterModel:118 - entered password:preet
11-05-2020 Thursday CST 17:10:59.358   [main] FATAL com.tech.bankproject.model.RegisterModel:119 - Please enter Email:
11-05-2020 Thursday CST 17:11:08.591   [main] TRACE com.tech.bankproject.model.RegisterModel:121 - entered email:preet@gmail.com
11-05-2020 Thursday CST 17:12:27.963   [main] FATAL com.tech.bankproject.model.RegisterModel:113 - Please Enter Username:
11-05-2020 Thursday CST 17:12:38.820   [main] TRACE com.tech.bankproject.model.RegisterModel:115 - entered username:Preet
11-05-2020 Thursday CST 17:12:38.831   [main] FATAL com.tech.bankproject.model.RegisterModel:116 - Please Enter Password:
11-05-2020 Thursday CST 17:12:44.076   [main] TRACE com.tech.bankproject.model.RegisterModel:118 - entered password:preet
11-05-2020 Thursday CST 17:12:44.090   [main] FATAL com.tech.bankproject.model.RegisterModel:119 - Please enter Email:
11-05-2020 Thursday CST 17:12:48.249   [main] TRACE com.tech.bankproject.model.RegisterModel:121 - entered email:fagfasdfa
11-05-2020 Thursday CST 17:14:23.284   [main] FATAL com.tech.bankproject.model.RegisterModel:113 - Please Enter Username:
11-05-2020 Thursday CST 17:14:55.307   [main] TRACE com.tech.bankproject.model.RegisterModel:115 - entered username:Preet
11-05-2020 Thursday CST 17:14:55.311   [main] FATAL com.tech.bankproject.model.RegisterModel:116 - Please Enter Password:
11-05-2020 Thursday CST 17:15:01.480   [main] TRACE com.tech.bankproject.model.RegisterModel:118 - entered password:passs
11-05-2020 Thursday CST 17:15:01.486   [main] FATAL com.tech.bankproject.model.RegisterModel:119 - Please enter Email:
11-05-2020 Thursday CST 17:15:04.860   [main] TRACE com.tech.bankproject.model.RegisterModel:121 - entered email:adfdf
11-05-2020 Thursday CST 17:20:52.246   [main] FATAL com.tech.bankproject.model.RegisterModel:113 - Please Enter Username:
11-05-2020 Thursday CST 17:20:56.397   [main] TRACE com.tech.bankproject.model.RegisterModel:115 - entered username:mukesh
11-05-2020 Thursday CST 17:20:56.410   [main] FATAL com.tech.bankproject.model.RegisterModel:116 - Please Enter Password:
11-05-2020 Thursday CST 17:21:02.641   [main] TRACE com.tech.bankproject.model.RegisterModel:118 - entered password:pass
11-05-2020 Thursday CST 17:21:02.656   [main] FATAL com.tech.bankproject.model.RegisterModel:119 - Please enter Email:
11-05-2020 Thursday CST 17:21:04.796   [main] TRACE com.tech.bankproject.model.RegisterModel:121 - entered email:dfsd
11-05-2020 Thursday CST 17:21:45.270   [main] FATAL com.tech.bankproject.model.RegisterModel:113 - Please Enter Username:
11-05-2020 Thursday CST 17:21:51.845   [main] TRACE com.tech.bankproject.model.RegisterModel:115 - entered username:Preet
11-05-2020 Thursday CST 17:21:51.858   [main] FATAL com.tech.bankproject.model.RegisterModel:116 - Please Enter Password:
11-05-2020 Thursday CST 17:21:55.255   [main] TRACE com.tech.bankproject.model.RegisterModel:118 - entered password:pass
11-05-2020 Thursday CST 17:21:55.259   [main] FATAL com.tech.bankproject.model.RegisterModel:119 - Please enter Email:
11-05-2020 Thursday CST 17:21:57.960   [main] TRACE com.tech.bankproject.model.RegisterModel:121 - entered email:adfsadfs
11-05-2020 Thursday CST 18:56:09.639   [main] FATAL com.tech.bankproject.model.RegisterModel:113 - Please Enter Username:
11-05-2020 Thursday CST 18:56:18.267   [main] TRACE com.tech.bankproject.model.RegisterModel:115 - entered username:Preet
11-05-2020 Thursday CST 18:56:18.270   [main] FATAL com.tech.bankproject.model.RegisterModel:116 - Please Enter Password:
11-05-2020 Thursday CST 18:56:22.058   [main] TRACE com.tech.bankproject.model.RegisterModel:118 - entered password:pass
11-05-2020 Thursday CST 18:56:22.064   [main] FATAL com.tech.bankproject.model.RegisterModel:119 - Please enter Email:
11-05-2020 Thursday CST 18:56:27.781   [main] TRACE com.tech.bankproject.model.RegisterModel:121 - entered email:fsfsfs
11-05-2020 Thursday CST 18:59:53.427   [main] FATAL com.tech.bankproject.model.RegisterModel:113 - Please Enter Username:
11-05-2020 Thursday CST 19:00:01.591   [main] TRACE com.tech.bankproject.model.RegisterModel:115 - entered username:Preet
11-05-2020 Thursday CST 19:00:01.594   [main] FATAL com.tech.bankproject.model.RegisterModel:116 - Please Enter Password:
11-05-2020 Thursday CST 19:00:05.698   [main] TRACE com.tech.bankproject.model.RegisterModel:118 - entered password:pss
11-05-2020 Thursday CST 19:00:05.703   [main] FATAL com.tech.bankproject.model.RegisterModel:119 - Please enter Email:
11-05-2020 Thursday CST 19:00:08.990   [main] TRACE com.tech.bankproject.model.RegisterModel:121 - entered email:dfadf
11-05-2020 Thursday CST 19:00:14.093   [main] FATAL com.tech.bankproject.model.RegisterModel:113 - Please Enter Username:
11-05-2020 Thursday CST 19:00:26.556   [main] TRACE com.tech.bankproject.model.RegisterModel:115 - entered username:priyesh
11-05-2020 Thursday CST 19:00:26.558   [main] FATAL com.tech.bankproject.model.RegisterModel:116 - Please Enter Password:
11-05-2020 Thursday CST 19:00:28.466   [main] TRACE com.tech.bankproject.model.RegisterModel:118 - entered password:adfasdf
11-05-2020 Thursday CST 19:00:28.469   [main] FATAL com.tech.bankproject.model.RegisterModel:119 - Please enter Email:
11-05-2020 Thursday CST 19:00:41.328   [main] TRACE com.tech.bankproject.model.RegisterModel:121 - entered email:preet@gmail.com
11-05-2020 Thursday CST 19:04:41.817   [main] FATAL com.tech.bankproject.model.RegisterModel:113 - Please Enter Username:
11-05-2020 Thursday CST 19:04:45.608   [main] TRACE com.tech.bankproject.model.RegisterModel:115 - entered username:Mukesh
11-05-2020 Thursday CST 19:04:45.610   [main] FATAL com.tech.bankproject.model.RegisterModel:116 - Please Enter Password:
11-05-2020 Thursday CST 19:04:46.828   [main] TRACE com.tech.bankproject.model.RegisterModel:118 - entered password:adaf
11-05-2020 Thursday CST 19:04:46.831   [main] FATAL com.tech.bankproject.model.RegisterModel:119 - Please enter Email:
11-05-2020 Thursday CST 19:04:48.818   [main] TRACE com.tech.bankproject.model.RegisterModel:121 - entered email:afdsf
11-05-2020 Thursday CST 19:05:10.911   [main] FATAL com.tech.bankproject.model.RegisterModel:113 - Please Enter Username:
11-05-2020 Thursday CST 19:05:21.694   [main] TRACE com.tech.bankproject.model.RegisterModel:115 - entered username:Priyesh
11-05-2020 Thursday CST 19:05:21.697   [main] FATAL com.tech.bankproject.model.RegisterModel:116 - Please Enter Password:
11-05-2020 Thursday CST 19:05:22.877   [main] TRACE com.tech.bankproject.model.RegisterModel:118 - entered password:faadf
11-05-2020 Thursday CST 19:05:22.878   [main] FATAL com.tech.bankproject.model.RegisterModel:119 - Please enter Email:
11-05-2020 Thursday CST 19:05:33.595   [main] TRACE com.tech.bankproject.model.RegisterModel:121 - entered email:cmukesh8688@gmail.com
11-05-2020 Thursday CST 19:05:57.889   [main] FATAL com.tech.bankproject.model.RegisterModel:113 - Please Enter Username:
11-05-2020 Thursday CST 19:06:03.066   [main] TRACE com.tech.bankproject.model.RegisterModel:115 - entered username:Priyesh
11-05-2020 Thursday CST 19:06:03.072   [main] FATAL com.tech.bankproject.model.RegisterModel:116 - Please Enter Password:
11-05-2020 Thursday CST 19:06:06.729   [main] TRACE com.tech.bankproject.model.RegisterModel:118 - entered password:pass1
11-05-2020 Thursday CST 19:06:06.734   [main] FATAL com.tech.bankproject.model.RegisterModel:119 - Please enter Email:
11-05-2020 Thursday CST 19:06:12.599   [main] TRACE com.tech.bankproject.model.RegisterModel:121 - entered email:priyesh@gmail.com
11-05-2020 Thursday CST 19:08:05.107   [main] FATAL com.tech.bankproject.model.RegisterModel:91 - Please Enter Username:
11-05-2020 Thursday CST 19:08:09.353   [main] TRACE com.tech.bankproject.model.RegisterModel:93 - entered username:priyesh
11-05-2020 Thursday CST 19:08:09.355   [main] FATAL com.tech.bankproject.model.RegisterModel:94 - Please Enter Password:
11-05-2020 Thursday CST 19:08:13.961   [main] TRACE com.tech.bankproject.model.RegisterModel:96 - entered password:pass1
11-05-2020 Thursday CST 19:15:33.104   [main] FATAL com.tech.bankproject.model.RegisterModel:113 - Please Enter Username:
11-05-2020 Thursday CST 19:15:37.201   [main] TRACE com.tech.bankproject.model.RegisterModel:115 - entered username:Priyesh
11-05-2020 Thursday CST 19:15:37.203   [main] FATAL com.tech.bankproject.model.RegisterModel:116 - Please Enter Password:
11-05-2020 Thursday CST 19:15:39.971   [main] TRACE com.tech.bankproject.model.RegisterModel:118 - entered password:pass1
11-05-2020 Thursday CST 19:15:39.977   [main] FATAL com.tech.bankproject.model.RegisterModel:119 - Please enter Email:
11-05-2020 Thursday CST 19:16:01.243   [main] TRACE com.tech.bankproject.model.RegisterModel:121 - entered email:priyesh@gmail.com
11-05-2020 Thursday CST 19:16:21.512   [main] FATAL com.tech.bankproject.model.RegisterModel:91 - Please Enter Username:
11-05-2020 Thursday CST 19:16:25.681   [main] TRACE com.tech.bankproject.model.RegisterModel:93 - entered username:Priyesh
11-05-2020 Thursday CST 19:16:25.684   [main] FATAL com.tech.bankproject.model.RegisterModel:94 - Please Enter Password:
11-05-2020 Thursday CST 19:16:29.807   [main] TRACE com.tech.bankproject.model.RegisterModel:96 - entered password:pass1
11-05-2020 Thursday CST 19:17:19.255   [main] FATAL com.tech.bankproject.model.RegisterModel:91 - Please Enter Username:
11-05-2020 Thursday CST 19:17:23.008   [main] TRACE com.tech.bankproject.model.RegisterModel:93 - entered username:Priyesh
11-05-2020 Thursday CST 19:17:23.010   [main] FATAL com.tech.bankproject.model.RegisterModel:94 - Please Enter Password:
11-05-2020 Thursday CST 19:17:27.174   [main] TRACE com.tech.bankproject.model.RegisterModel:96 - entered password:pass1
11-05-2020 Thursday CST 19:20:09.004   [main] FATAL com.tech.bankproject.model.RegisterModel:91 - Please Enter Username:
11-05-2020 Thursday CST 19:20:14.126   [main] TRACE com.tech.bankproject.model.RegisterModel:93 - entered username:Priyesh
11-05-2020 Thursday CST 19:20:14.127   [main] FATAL com.tech.bankproject.model.RegisterModel:94 - Please Enter Password:
11-05-2020 Thursday CST 19:20:17.549   [main] TRACE com.tech.bankproject.model.RegisterModel:96 - entered password:pass1
11-05-2020 Thursday CST 19:21:26.913   [main] FATAL com.tech.bankproject.model.RegisterModel:91 - Please Enter Username:
11-05-2020 Thursday CST 19:21:32.127   [main] TRACE com.tech.bankproject.model.RegisterModel:93 - entered username:Priyesh
11-05-2020 Thursday CST 19:21:32.129   [main] FATAL com.tech.bankproject.model.RegisterModel:94 - Please Enter Password:
11-05-2020 Thursday CST 19:21:38.333   [main] TRACE com.tech.bankproject.model.RegisterModel:96 - entered password:pass1
11-05-2020 Thursday CST 19:42:54.060   [main] FATAL com.tech.bankproject.model.RegisterModel:91 - Please Enter Username:
11-05-2020 Thursday CST 19:42:59.380   [main] TRACE com.tech.bankproject.model.RegisterModel:93 - entered username:Priyesh
11-05-2020 Thursday CST 19:42:59.382   [main] FATAL com.tech.bankproject.model.RegisterModel:94 - Please Enter Password:
11-05-2020 Thursday CST 19:43:03.261   [main] TRACE com.tech.bankproject.model.RegisterModel:96 - entered password:pass1
11-05-2020 Thursday CST 19:46:44.775   [main] FATAL com.tech.bankproject.model.RegisterModel:91 - Please Enter Username:
11-05-2020 Thursday CST 19:46:49.207   [main] TRACE com.tech.bankproject.model.RegisterModel:93 - entered username:Priyesh
11-05-2020 Thursday CST 19:46:49.210   [main] FATAL com.tech.bankproject.model.RegisterModel:94 - Please Enter Password:
11-05-2020 Thursday CST 19:46:52.538   [main] TRACE com.tech.bankproject.model.RegisterModel:96 - entered password:pass1
11-05-2020 Thursday CST 19:52:58.815   [main] FATAL com.tech.bankproject.model.RegisterModel:91 - Please Enter Username:
11-05-2020 Thursday CST 19:53:04.449   [main] TRACE com.tech.bankproject.model.RegisterModel:93 - entered username:priyesh
11-05-2020 Thursday CST 19:53:04.452   [main] FATAL com.tech.bankproject.model.RegisterModel:94 - Please Enter Password:
11-05-2020 Thursday CST 19:53:07.950   [main] TRACE com.tech.bankproject.model.RegisterModel:96 - entered password:pass1
11-05-2020 Thursday CST 19:54:29.317   [main] FATAL com.tech.bankproject.model.RegisterModel:91 - Please Enter Username:
11-05-2020 Thursday CST 19:54:39.575   [main] TRACE com.tech.bankproject.model.RegisterModel:93 - entered username:priyesh
11-05-2020 Thursday CST 19:54:39.577   [main] FATAL com.tech.bankproject.model.RegisterModel:94 - Please Enter Password:
11-05-2020 Thursday CST 19:54:42.397   [main] TRACE com.tech.bankproject.model.RegisterModel:96 - entered password:pass1
11-05-2020 Thursday CST 19:58:54.705   [main] FATAL com.tech.bankproject.model.RegisterModel:91 - Please Enter Username:
11-05-2020 Thursday CST 19:58:58.129   [main] TRACE com.tech.bankproject.model.RegisterModel:93 - entered username:priyesh
11-05-2020 Thursday CST 19:58:58.132   [main] FATAL com.tech.bankproject.model.RegisterModel:94 - Please Enter Password:
11-05-2020 Thursday CST 19:59:01.206   [main] TRACE com.tech.bankproject.model.RegisterModel:96 - entered password:pass1
11-05-2020 Thursday CST 19:59:12.040   [main] FATAL com.tech.bankproject.model.RegisterModel:91 - Please Enter Username:
11-05-2020 Thursday CST 19:59:20.319   [main] TRACE com.tech.bankproject.model.RegisterModel:93 - entered username:priyesh
11-05-2020 Thursday CST 19:59:20.321   [main] FATAL com.tech.bankproject.model.RegisterModel:94 - Please Enter Password:
11-05-2020 Thursday CST 19:59:22.704   [main] TRACE com.tech.bankproject.model.RegisterModel:96 - entered password:pass1
11-05-2020 Thursday CST 20:02:35.637   [main] FATAL com.tech.bankproject.model.RegisterModel:91 - Please Enter Username:
11-05-2020 Thursday CST 20:02:41.586   [main] TRACE com.tech.bankproject.model.RegisterModel:93 - entered username:priyesh
11-05-2020 Thursday CST 20:02:41.592   [main] FATAL com.tech.bankproject.model.RegisterModel:94 - Please Enter Password:
11-05-2020 Thursday CST 20:02:43.872   [main] TRACE com.tech.bankproject.model.RegisterModel:96 - entered password:pass1
11-05-2020 Thursday CST 20:04:59.640   [main] FATAL com.tech.bankproject.model.RegisterModel:91 - Please Enter Username:
11-05-2020 Thursday CST 20:05:02.338   [main] TRACE com.tech.bankproject.model.RegisterModel:93 - entered username:priyesh
11-05-2020 Thursday CST 20:05:02.341   [main] FATAL com.tech.bankproject.model.RegisterModel:94 - Please Enter Password:
11-05-2020 Thursday CST 20:05:04.990   [main] TRACE com.tech.bankproject.model.RegisterModel:96 - entered password:pass1
11-05-2020 Thursday CST 20:11:34.524   [main] FATAL com.tech.bankproject.model.RegisterModel:91 - Please Enter Username:
11-05-2020 Thursday CST 20:11:37.926   [main] TRACE com.tech.bankproject.model.RegisterModel:93 - entered username:priya
11-05-2020 Thursday CST 20:11:37.934   [main] FATAL com.tech.bankproject.model.RegisterModel:94 - Please Enter Password:
11-05-2020 Thursday CST 20:11:41.055   [main] TRACE com.tech.bankproject.model.RegisterModel:96 - entered password:pass
11-05-2020 Thursday CST 20:15:03.866   [main] FATAL com.tech.bankproject.model.RegisterModel:91 - Please Enter Username:
11-05-2020 Thursday CST 20:15:09.966   [main] TRACE com.tech.bankproject.model.RegisterModel:93 - entered username:priya
11-05-2020 Thursday CST 20:15:09.968   [main] FATAL com.tech.bankproject.model.RegisterModel:94 - Please Enter Password:
11-05-2020 Thursday CST 20:15:13.420   [main] TRACE com.tech.bankproject.model.RegisterModel:96 - entered password:pass
11-05-2020 Thursday CST 20:17:40.501   [main] FATAL com.tech.bankproject.model.RegisterModel:91 - Please Enter Username:
11-05-2020 Thursday CST 20:17:42.773   [main] TRACE com.tech.bankproject.model.RegisterModel:93 - entered username:priya
11-05-2020 Thursday CST 20:17:42.778   [main] FATAL com.tech.bankproject.model.RegisterModel:94 - Please Enter Password:
11-05-2020 Thursday CST 20:17:46.852   [main] TRACE com.tech.bankproject.model.RegisterModel:96 - entered password:pass
11-05-2020 Thursday CST 20:18:20.849   [main] FATAL com.tech.bankproject.model.RegisterModel:91 - Please Enter Username:
11-05-2020 Thursday CST 20:18:24.343   [main] TRACE com.tech.bankproject.model.RegisterModel:93 - entered username:priya
11-05-2020 Thursday CST 20:18:24.345   [main] FATAL com.tech.bankproject.model.RegisterModel:94 - Please Enter Password:
11-05-2020 Thursday CST 20:18:26.546   [main] TRACE com.tech.bankproject.model.RegisterModel:96 - entered password:pass
11-05-2020 Thursday CST 20:24:09.551   [main] FATAL com.tech.bankproject.model.RegisterModel:91 - Please Enter Username:
11-05-2020 Thursday CST 20:24:15.248   [main] TRACE com.tech.bankproject.model.RegisterModel:93 - entered username:mukesh
11-05-2020 Thursday CST 20:24:15.254   [main] FATAL com.tech.bankproject.model.RegisterModel:94 - Please Enter Password:
11-05-2020 Thursday CST 20:24:22.088   [main] TRACE com.tech.bankproject.model.RegisterModel:96 - entered password:pass
11-05-2020 Thursday CST 20:25:05.299   [main] FATAL com.tech.bankproject.model.RegisterModel:91 - Please Enter Username:
11-05-2020 Thursday CST 20:25:08.032   [main] TRACE com.tech.bankproject.model.RegisterModel:93 - entered username:mukesh
11-05-2020 Thursday CST 20:25:08.037   [main] FATAL com.tech.bankproject.model.RegisterModel:94 - Please Enter Password:
11-05-2020 Thursday CST 20:25:11.471   [main] TRACE com.tech.bankproject.model.RegisterModel:96 - entered password:pass
11-05-2020 Thursday CST 20:25:46.910   [main] FATAL com.tech.bankproject.model.RegisterModel:91 - Please Enter Username:
11-05-2020 Thursday CST 20:25:49.101   [main] TRACE com.tech.bankproject.model.RegisterModel:93 - entered username:mukesh
11-05-2020 Thursday CST 20:25:49.105   [main] FATAL com.tech.bankproject.model.RegisterModel:94 - Please Enter Password:
11-05-2020 Thursday CST 20:25:59.605   [main] TRACE com.tech.bankproject.model.RegisterModel:96 - entered password:pass
11-08-2020 Sunday CST 08:49:18.203   [main] FATAL com.bankapplication.model.RegisterModel:91 - Please Enter Username:
11-08-2020 Sunday CST 08:49:21.293   [main] TRACE com.bankapplication.model.RegisterModel:93 - entered username:mukesh
11-08-2020 Sunday CST 08:49:21.299   [main] FATAL com.bankapplication.model.RegisterModel:94 - Please Enter Password:
11-08-2020 Sunday CST 08:49:22.866   [main] TRACE com.bankapplication.model.RegisterModel:96 - entered password:pass
11-08-2020 Sunday CST 08:49:31.497   [main] FATAL com.bankapplication.model.RegisterModel:91 - Please Enter Username:
11-08-2020 Sunday CST 08:50:12.696   [main] TRACE com.bankapplication.model.RegisterModel:93 - entered username:preet
11-08-2020 Sunday CST 08:50:12.697   [main] FATAL com.bankapplication.model.RegisterModel:94 - Please Enter Password:
11-08-2020 Sunday CST 08:50:15.323   [main] TRACE com.bankapplication.model.RegisterModel:96 - entered password:preet
11-08-2020 Sunday CST 19:08:06.651   [main] FATAL com.bankapplication.model.RegisterModel:94 - Please Enter Username:
11-08-2020 Sunday CST 19:08:12.669   [main] TRACE com.bankapplication.model.RegisterModel:96 - entered username:preet
11-08-2020 Sunday CST 19:08:12.674   [main] FATAL com.bankapplication.model.RegisterModel:97 - Please Enter Password:
11-08-2020 Sunday CST 19:08:15.908   [main] TRACE com.bankapplication.model.RegisterModel:99 - entered password:preet
11-08-2020 Sunday CST 19:08:24.281   [main] FATAL com.bankapplication.model.account.BankAccountRegister:193 - Type 1 - Checking Account :
11-08-2020 Sunday CST 19:08:24.292   [main] FATAL com.bankapplication.model.account.BankAccountRegister:194 - Type 2 - Saving Account :
11-08-2020 Sunday CST 19:08:24.293   [main] FATAL com.bankapplication.model.account.BankAccountRegister:195 - Type 3 - EXIT 
11-08-2020 Sunday CST 19:08:24.294   [main] FATAL com.bankapplication.model.account.BankAccountRegister:193 - Type 1 - Checking Account :
11-08-2020 Sunday CST 19:08:24.294   [main] FATAL com.bankapplication.model.account.BankAccountRegister:194 - Type 2 - Saving Account :
11-08-2020 Sunday CST 19:08:24.295   [main] FATAL com.bankapplication.model.account.BankAccountRegister:195 - Type 3 - EXIT 
11-08-2020 Sunday CST 19:10:34.626   [main] FATAL com.bankapplication.model.RegisterModel:94 - Please Enter Username:
11-08-2020 Sunday CST 19:11:47.359   [main] FATAL com.bankapplication.model.RegisterModel:94 - Please Enter Username:
11-08-2020 Sunday CST 19:11:51.542   [main] TRACE com.bankapplication.model.RegisterModel:96 - entered username:preet
11-08-2020 Sunday CST 19:11:51.542   [main] FATAL com.bankapplication.model.RegisterModel:97 - Please Enter Password:
11-08-2020 Sunday CST 19:11:54.663   [main] TRACE com.bankapplication.model.RegisterModel:99 - entered password:preet
11-08-2020 Sunday CST 19:11:57.768   [main] FATAL com.bankapplication.model.account.BankAccountRegister:193 - Type 1 - Checking Account :
11-08-2020 Sunday CST 19:11:57.769   [main] FATAL com.bankapplication.model.account.BankAccountRegister:194 - Type 2 - Saving Account :
11-08-2020 Sunday CST 19:11:57.769   [main] FATAL com.bankapplication.model.account.BankAccountRegister:195 - Type 3 - EXIT 
11-08-2020 Sunday CST 19:11:57.770   [main] FATAL com.bankapplication.model.account.BankAccountRegister:193 - Type 1 - Checking Account :
11-08-2020 Sunday CST 19:11:57.770   [main] FATAL com.bankapplication.model.account.BankAccountRegister:194 - Type 2 - Saving Account :
11-08-2020 Sunday CST 19:11:57.771   [main] FATAL com.bankapplication.model.account.BankAccountRegister:195 - Type 3 - EXIT 
11-08-2020 Sunday CST 19:12:10.625   [main] FATAL com.bankapplication.model.account.BankAccountRegister:193 - Type 1 - Checking Account :
11-08-2020 Sunday CST 19:12:10.627   [main] FATAL com.bankapplication.model.account.BankAccountRegister:194 - Type 2 - Saving Account :
11-08-2020 Sunday CST 19:12:10.628   [main] FATAL com.bankapplication.model.account.BankAccountRegister:195 - Type 3 - EXIT 
11-08-2020 Sunday CST 19:12:10.628   [main] FATAL com.bankapplication.model.account.BankAccountRegister:193 - Type 1 - Checking Account :
11-08-2020 Sunday CST 19:12:10.629   [main] FATAL com.bankapplication.model.account.BankAccountRegister:194 - Type 2 - Saving Account :
11-08-2020 Sunday CST 19:12:10.629   [main] FATAL com.bankapplication.model.account.BankAccountRegister:195 - Type 3 - EXIT 
11-08-2020 Sunday CST 19:12:12.403   [main] FATAL com.bankapplication.model.customer.CustomerMenu:102 - Sorry !!! Account haven't been opend yet ... Please Try Again Or Contact Any Local Bank Agent !!
11-08-2020 Sunday CST 19:15:48.627   [main] FATAL com.bankapplication.model.RegisterModel:94 - Please Enter Username:
11-08-2020 Sunday CST 19:15:52.109   [main] TRACE com.bankapplication.model.RegisterModel:96 - entered username:preet
11-08-2020 Sunday CST 19:15:52.110   [main] FATAL com.bankapplication.model.RegisterModel:97 - Please Enter Password:
11-08-2020 Sunday CST 19:15:54.828   [main] TRACE com.bankapplication.model.RegisterModel:99 - entered password:preet
11-08-2020 Sunday CST 19:16:01.268   [main] FATAL com.bankapplication.model.account.BankAccountRegister:193 - Type 1 - Checking Account :
11-08-2020 Sunday CST 19:16:01.268   [main] FATAL com.bankapplication.model.account.BankAccountRegister:194 - Type 2 - Saving Account :
11-08-2020 Sunday CST 19:16:01.268   [main] FATAL com.bankapplication.model.account.BankAccountRegister:195 - Type 3 - EXIT 
11-08-2020 Sunday CST 19:16:12.770   [main] FATAL com.bankapplication.model.account.BankAccountRegister:193 - Type 1 - Checking Account :
11-08-2020 Sunday CST 19:16:12.771   [main] FATAL com.bankapplication.model.account.BankAccountRegister:194 - Type 2 - Saving Account :
11-08-2020 Sunday CST 19:16:12.771   [main] FATAL com.bankapplication.model.account.BankAccountRegister:195 - Type 3 - EXIT 
11-08-2020 Sunday CST 19:16:18.398   [main] FATAL com.bankapplication.model.customer.CustomerMenu:102 - Sorry !!! Account haven't been opend yet ... Please Try Again Or Contact Any Local Bank Agent !!
11-08-2020 Sunday CST 19:19:39.416   [main] FATAL com.bankapplication.model.RegisterModel:94 - Please Enter Username:
11-08-2020 Sunday CST 19:19:42.356   [main] TRACE com.bankapplication.model.RegisterModel:96 - entered username:preet
11-08-2020 Sunday CST 19:19:42.357   [main] FATAL com.bankapplication.model.RegisterModel:97 - Please Enter Password:
11-08-2020 Sunday CST 19:19:44.575   [main] TRACE com.bankapplication.model.RegisterModel:99 - entered password:preet
11-08-2020 Sunday CST 19:19:48.502   [main] FATAL com.bankapplication.model.account.BankAccountRegister:193 - Type 1 - Checking Account :
11-08-2020 Sunday CST 19:19:48.503   [main] FATAL com.bankapplication.model.account.BankAccountRegister:194 - Type 2 - Saving Account :
11-08-2020 Sunday CST 19:19:48.503   [main] FATAL com.bankapplication.model.account.BankAccountRegister:195 - Type 3 - EXIT 
11-08-2020 Sunday CST 19:19:54.928   [main] FATAL com.bankapplication.model.customer.CustomerMenu:102 - Sorry !!! Account haven't been opend yet ... Please Try Again Or Contact Any Local Bank Agent !!
11-08-2020 Sunday CST 19:24:31.086   [main] FATAL com.bankapplication.model.RegisterModel:94 - Please Enter Username:
11-08-2020 Sunday CST 19:24:33.300   [main] TRACE com.bankapplication.model.RegisterModel:96 - entered username:preet
11-08-2020 Sunday CST 19:24:33.301   [main] FATAL com.bankapplication.model.RegisterModel:97 - Please Enter Password:
11-08-2020 Sunday CST 19:24:35.221   [main] TRACE com.bankapplication.model.RegisterModel:99 - entered password:preet
11-08-2020 Sunday CST 19:24:49.935   [main] FATAL com.bankapplication.model.account.BankAccountRegister:194 - Type 1 - Checking Account :
11-08-2020 Sunday CST 19:24:49.936   [main] FATAL com.bankapplication.model.account.BankAccountRegister:195 - Type 2 - Saving Account :
11-08-2020 Sunday CST 19:24:49.936   [main] FATAL com.bankapplication.model.account.BankAccountRegister:196 - Type 3 - EXIT 
11-08-2020 Sunday CST 19:24:54.478   [main] FATAL com.bankapplication.model.customer.CustomerMenu:102 - Sorry !!! Account haven't been opend yet ... Please Try Again Or Contact Any Local Bank Agent !!
11-08-2020 Sunday CST 19:29:14.091   [main] FATAL com.bankapplication.model.RegisterModel:94 - Please Enter Username:
11-08-2020 Sunday CST 19:29:16.077   [main] TRACE com.bankapplication.model.RegisterModel:96 - entered username:preet
11-08-2020 Sunday CST 19:29:16.078   [main] FATAL com.bankapplication.model.RegisterModel:97 - Please Enter Password:
11-08-2020 Sunday CST 19:29:18.053   [main] TRACE com.bankapplication.model.RegisterModel:99 - entered password:preet
11-08-2020 Sunday CST 19:29:23.069   [main] FATAL com.bankapplication.model.account.BankAccountRegister:194 - Type 1 - Checking Account :
11-08-2020 Sunday CST 19:29:23.070   [main] FATAL com.bankapplication.model.account.BankAccountRegister:195 - Type 2 - Saving Account :
11-08-2020 Sunday CST 19:29:23.070   [main] FATAL com.bankapplication.model.account.BankAccountRegister:196 - Type 3 - EXIT 
11-08-2020 Sunday CST 19:29:28.932   [main] ERROR com.bankapplication.model.account.BankAccountRegister:209 - Accouttype:1
11-08-2020 Sunday CST 19:29:33.194   [main] ERROR com.bankapplication.model.account.BankAccountRegister:209 - Accouttype:1
11-08-2020 Sunday CST 19:29:33.195   [main] TRACE com.bankapplication.model.account.BankAccountRegister:245 - 1
11-08-2020 Sunday CST 19:29:33.936   [main] ERROR com.bankapplication.model.account.BankAccountRegister:209 - Accouttype:1
11-08-2020 Sunday CST 19:29:33.937   [main] FATAL com.bankapplication.model.account.BankAccountRegister:156 - Entere First Name :
11-08-2020 Sunday CST 19:29:44.349   [main] TRACE com.bankapplication.model.account.BankAccountRegister:158 - FirstName:mukeshj
11-08-2020 Sunday CST 19:29:44.349   [main] FATAL com.bankapplication.model.account.BankAccountRegister:160 - Entere Surname Name :
11-08-2020 Sunday CST 19:29:49.152   [main] TRACE com.bankapplication.model.account.BankAccountRegister:162 - SureName:chaudahry
11-08-2020 Sunday CST 19:29:49.152   [main] FATAL com.bankapplication.model.account.BankAccountRegister:164 - Address :
11-08-2020 Sunday CST 19:29:52.484   [main] TRACE com.bankapplication.model.account.BankAccountRegister:166 - Address:dfafjdsf
11-08-2020 Sunday CST 19:29:52.484   [main] FATAL com.bankapplication.model.account.BankAccountRegister:168 - City :
11-08-2020 Sunday CST 19:29:55.624   [main] TRACE com.bankapplication.model.account.BankAccountRegister:170 - City:chicago
11-08-2020 Sunday CST 19:29:55.624   [main] FATAL com.bankapplication.model.account.BankAccountRegister:172 - State :
11-08-2020 Sunday CST 19:29:57.709   [main] TRACE com.bankapplication.model.account.BankAccountRegister:174 - City:il
11-08-2020 Sunday CST 19:29:57.709   [main] FATAL com.bankapplication.model.account.BankAccountRegister:176 - PhoneNumber :
11-08-2020 Sunday CST 19:30:00.262   [main] TRACE com.bankapplication.model.account.BankAccountRegister:178 - City:98009809
11-08-2020 Sunday CST 19:30:00.262   [main] FATAL com.bankapplication.model.account.BankAccountRegister:180 -  Please Enter 10 digit Social Security Number(SSN) : 
11-08-2020 Sunday CST 19:31:05.773   [main] FATAL com.bankapplication.model.RegisterModel:94 - Please Enter Username:
11-08-2020 Sunday CST 19:31:08.194   [main] TRACE com.bankapplication.model.RegisterModel:96 - entered username:preet
11-08-2020 Sunday CST 19:31:08.194   [main] FATAL com.bankapplication.model.RegisterModel:97 - Please Enter Password:
11-08-2020 Sunday CST 19:31:10.482   [main] TRACE com.bankapplication.model.RegisterModel:99 - entered password:preet
11-08-2020 Sunday CST 19:31:15.210   [main] FATAL com.bankapplication.model.account.BankAccountRegister:194 - Type 1 - Checking Account :
11-08-2020 Sunday CST 19:31:15.210   [main] FATAL com.bankapplication.model.account.BankAccountRegister:195 - Type 2 - Saving Account :
11-08-2020 Sunday CST 19:31:15.210   [main] FATAL com.bankapplication.model.account.BankAccountRegister:196 - Type 3 - EXIT 
11-08-2020 Sunday CST 19:31:17.185   [main] ERROR com.bankapplication.model.account.BankAccountRegister:209 - Accouttype:3
11-08-2020 Sunday CST 19:31:17.186   [main] FATAL com.bankapplication.model.customer.CustomerMenu:100 - You opened Bank Account Succefully!
11-08-2020 Sunday CST 20:53:07.586   [main] FATAL com.bankapplication.model.RegisterModel:112 - Please Enter Username:
11-08-2020 Sunday CST 20:53:10.528   [main] TRACE com.bankapplication.model.RegisterModel:114 - entered username:preet
11-08-2020 Sunday CST 20:53:10.529   [main] FATAL com.bankapplication.model.RegisterModel:115 - Please Enter Password:
11-08-2020 Sunday CST 20:53:13.813   [main] TRACE com.bankapplication.model.RegisterModel:117 - entered password:preet
11-08-2020 Sunday CST 20:55:30.479   [main] FATAL com.bankapplication.model.RegisterModel:112 - Please Enter Username:
11-08-2020 Sunday CST 20:55:33.163   [main] TRACE com.bankapplication.model.RegisterModel:114 - entered username:preet
11-08-2020 Sunday CST 20:55:33.164   [main] FATAL com.bankapplication.model.RegisterModel:115 - Please Enter Password:
11-08-2020 Sunday CST 20:55:35.403   [main] TRACE com.bankapplication.model.RegisterModel:117 - entered password:preet
11-08-2020 Sunday CST 20:56:17.155   [main] FATAL com.bankapplication.model.RegisterModel:112 - Please Enter Username:
11-08-2020 Sunday CST 20:56:22.263   [main] TRACE com.bankapplication.model.RegisterModel:114 - entered username:preet
11-08-2020 Sunday CST 20:56:22.269   [main] FATAL com.bankapplication.model.RegisterModel:115 - Please Enter Password:
11-08-2020 Sunday CST 20:56:25.165   [main] TRACE com.bankapplication.model.RegisterModel:117 - entered password:preet
11-08-2020 Sunday CST 21:04:32.781   [main] FATAL com.bankapplication.model.RegisterModel:112 - Please Enter Username:
11-08-2020 Sunday CST 21:04:37.760   [main] TRACE com.bankapplication.model.RegisterModel:114 - entered username:preet
11-08-2020 Sunday CST 21:04:37.760   [main] FATAL com.bankapplication.model.RegisterModel:115 - Please Enter Password:
11-08-2020 Sunday CST 21:04:40.328   [main] TRACE com.bankapplication.model.RegisterModel:117 - entered password:preet
11-08-2020 Sunday CST 21:17:28.848   [main] FATAL com.bankapplication.model.RegisterModel:112 - Please Enter Username:
11-08-2020 Sunday CST 21:17:31.406   [main] TRACE com.bankapplication.model.RegisterModel:114 - entered username:
11-08-2020 Sunday CST 21:17:31.406   [main] FATAL com.bankapplication.model.RegisterModel:115 - Please Enter Password:
11-08-2020 Sunday CST 21:17:32.763   [main] TRACE com.bankapplication.model.RegisterModel:117 - entered password:
11-08-2020 Sunday CST 21:17:36.706   [main] FATAL com.bankapplication.model.RegisterModel:112 - Please Enter Username:
11-08-2020 Sunday CST 21:17:39.134   [main] TRACE com.bankapplication.model.RegisterModel:114 - entered username:preet
11-08-2020 Sunday CST 21:17:39.135   [main] FATAL com.bankapplication.model.RegisterModel:115 - Please Enter Password:
11-08-2020 Sunday CST 21:17:42.939   [main] TRACE com.bankapplication.model.RegisterModel:117 - entered password:preet
11-08-2020 Sunday CST 21:17:51.532   [main] FATAL com.bankapplication.model.RegisterModel:112 - Please Enter Username:
11-08-2020 Sunday CST 21:17:53.796   [main] TRACE com.bankapplication.model.RegisterModel:114 - entered username:preet
11-08-2020 Sunday CST 21:17:53.796   [main] FATAL com.bankapplication.model.RegisterModel:115 - Please Enter Password:
11-08-2020 Sunday CST 21:17:55.942   [main] TRACE com.bankapplication.model.RegisterModel:117 - entered password:preet
11-08-2020 Sunday CST 21:18:30.549   [main] FATAL com.bankapplication.model.RegisterModel:112 - Please Enter Username:
11-08-2020 Sunday CST 21:18:33.830   [main] TRACE com.bankapplication.model.RegisterModel:114 - entered username:preet
11-08-2020 Sunday CST 21:18:33.830   [main] FATAL com.bankapplication.model.RegisterModel:115 - Please Enter Password:
11-08-2020 Sunday CST 21:18:36.419   [main] TRACE com.bankapplication.model.RegisterModel:117 - entered password:preet
11-08-2020 Sunday CST 21:19:54.408   [main] FATAL com.bankapplication.model.RegisterModel:112 - Please Enter Username:
11-08-2020 Sunday CST 21:19:56.920   [main] TRACE com.bankapplication.model.RegisterModel:114 - entered username:preet
11-08-2020 Sunday CST 21:19:56.921   [main] FATAL com.bankapplication.model.RegisterModel:115 - Please Enter Password:
11-08-2020 Sunday CST 21:19:59.188   [main] TRACE com.bankapplication.model.RegisterModel:117 - entered password:preet
11-08-2020 Sunday CST 21:20:14.211   [main] FATAL com.bankapplication.model.account.BankAccountRegister:194 - Type 1 - Checking Account :
11-08-2020 Sunday CST 21:20:14.211   [main] FATAL com.bankapplication.model.account.BankAccountRegister:195 - Type 2 - Saving Account :
11-08-2020 Sunday CST 21:20:14.211   [main] FATAL com.bankapplication.model.account.BankAccountRegister:196 - Type 3 - EXIT 
11-08-2020 Sunday CST 21:20:16.825   [main] ERROR com.bankapplication.model.account.BankAccountRegister:209 - Accouttype:1
11-08-2020 Sunday CST 21:20:16.825   [main] TRACE com.bankapplication.model.account.BankAccountRegister:247 - AccoutType:1
11-08-2020 Sunday CST 21:20:16.825   [main] FATAL com.bankapplication.model.account.BankAccountRegister:165 - Entere First Name :
11-08-2020 Sunday CST 21:20:19.802   [main] TRACE com.bankapplication.model.account.BankAccountRegister:167 - FirstName:mukesh
11-08-2020 Sunday CST 21:20:19.802   [main] FATAL com.bankapplication.model.account.BankAccountRegister:169 - Entere Surname Name :
11-08-2020 Sunday CST 21:20:24.033   [main] TRACE com.bankapplication.model.account.BankAccountRegister:171 - SureName:chaudhary
11-08-2020 Sunday CST 21:20:24.034   [main] FATAL com.bankapplication.model.account.BankAccountRegister:173 - Address :
11-08-2020 Sunday CST 21:20:34.256   [main] TRACE com.bankapplication.model.account.BankAccountRegister:175 - Address:5620 N Kenmore Ave 
11-08-2020 Sunday CST 21:20:34.256   [main] FATAL com.bankapplication.model.account.BankAccountRegister:177 - City :
11-08-2020 Sunday CST 21:20:37.245   [main] TRACE com.bankapplication.model.account.BankAccountRegister:179 - City:chicago
11-08-2020 Sunday CST 21:20:37.246   [main] FATAL com.bankapplication.model.account.BankAccountRegister:181 - State :
11-08-2020 Sunday CST 21:20:38.964   [main] TRACE com.bankapplication.model.account.BankAccountRegister:183 - City:il
11-08-2020 Sunday CST 21:20:38.965   [main] FATAL com.bankapplication.model.account.BankAccountRegister:185 - PhoneNumber :
11-08-2020 Sunday CST 21:20:44.825   [main] TRACE com.bankapplication.model.account.BankAccountRegister:187 - City:7734028688
11-08-2020 Sunday CST 21:20:44.826   [main] FATAL com.bankapplication.model.account.BankAccountRegister:189 -  Please Enter 10 digit Social Security Number(SSN) : 
11-08-2020 Sunday CST 21:27:27.952   [main] FATAL com.bankapplication.model.RegisterModel:112 - Please Enter Username:
11-08-2020 Sunday CST 21:27:31.633   [main] TRACE com.bankapplication.model.RegisterModel:114 - entered username:preet
11-08-2020 Sunday CST 21:27:31.634   [main] FATAL com.bankapplication.model.RegisterModel:115 - Please Enter Password:
11-08-2020 Sunday CST 21:27:33.890   [main] TRACE com.bankapplication.model.RegisterModel:117 - entered password:preet
11-08-2020 Sunday CST 21:27:36.606   [main] FATAL com.bankapplication.model.account.BankAccountRegister:194 - Type 1 - Checking Account :
11-08-2020 Sunday CST 21:27:36.606   [main] FATAL com.bankapplication.model.account.BankAccountRegister:195 - Type 2 - Saving Account :
11-08-2020 Sunday CST 21:27:36.606   [main] FATAL com.bankapplication.model.account.BankAccountRegister:196 - Type 3 - EXIT 
11-08-2020 Sunday CST 21:27:39.702   [main] ERROR com.bankapplication.model.account.BankAccountRegister:209 - Accouttype:1
11-08-2020 Sunday CST 21:27:39.702   [main] TRACE com.bankapplication.model.account.BankAccountRegister:247 - AccoutType:1
11-08-2020 Sunday CST 21:27:39.703   [main] FATAL com.bankapplication.model.account.BankAccountRegister:165 - Entere First Name :
11-08-2020 Sunday CST 21:27:42.013   [main] TRACE com.bankapplication.model.account.BankAccountRegister:167 - FirstName:mukesh
11-08-2020 Sunday CST 21:27:42.014   [main] FATAL com.bankapplication.model.account.BankAccountRegister:169 - Entere Surname Name :
11-08-2020 Sunday CST 21:27:44.494   [main] TRACE com.bankapplication.model.account.BankAccountRegister:171 - SureName:chauhdary
11-08-2020 Sunday CST 21:27:44.494   [main] FATAL com.bankapplication.model.account.BankAccountRegister:173 - Address :
11-08-2020 Sunday CST 21:27:53.724   [main] TRACE com.bankapplication.model.account.BankAccountRegister:175 - Address:5620 N Kemore Ave
11-08-2020 Sunday CST 21:27:53.724   [main] FATAL com.bankapplication.model.account.BankAccountRegister:177 - City :
11-08-2020 Sunday CST 21:27:56.273   [main] TRACE com.bankapplication.model.account.BankAccountRegister:179 - City:chicago
11-08-2020 Sunday CST 21:27:56.273   [main] FATAL com.bankapplication.model.account.BankAccountRegister:181 - State :
11-08-2020 Sunday CST 21:27:57.972   [main] TRACE com.bankapplication.model.account.BankAccountRegister:183 - City:il
11-08-2020 Sunday CST 21:27:57.973   [main] FATAL com.bankapplication.model.account.BankAccountRegister:185 - PhoneNumber :
11-08-2020 Sunday CST 21:28:03.579   [main] TRACE com.bankapplication.model.account.BankAccountRegister:187 - City:7834254324
11-08-2020 Sunday CST 21:28:03.579   [main] FATAL com.bankapplication.model.account.BankAccountRegister:189 - Please Enter 10 digit Social Security Number(SSN) : 
11-08-2020 Sunday CST 21:58:10.035   [main] FATAL com.bankapplication.model.RegisterModel:112 - Please Enter Username:
11-08-2020 Sunday CST 21:58:14.071   [main] TRACE com.bankapplication.model.RegisterModel:114 - entered username:preet
11-08-2020 Sunday CST 21:58:14.072   [main] FATAL com.bankapplication.model.RegisterModel:115 - Please Enter Password:
11-08-2020 Sunday CST 21:58:15.984   [main] TRACE com.bankapplication.model.RegisterModel:117 - entered password:preet
11-08-2020 Sunday CST 21:58:18.201   [main] FATAL com.bankapplication.model.account.BankAccountRegister:194 - Type 1 - Checking Account :
11-08-2020 Sunday CST 21:58:18.202   [main] FATAL com.bankapplication.model.account.BankAccountRegister:195 - Type 2 - Saving Account :
11-08-2020 Sunday CST 21:58:18.202   [main] FATAL com.bankapplication.model.account.BankAccountRegister:196 - Type 3 - EXIT 
11-08-2020 Sunday CST 21:58:20.544   [main] ERROR com.bankapplication.model.account.BankAccountRegister:209 - Accouttype:1
11-08-2020 Sunday CST 21:58:20.545   [main] TRACE com.bankapplication.model.account.BankAccountRegister:247 - AccoutType:1
11-08-2020 Sunday CST 21:58:20.545   [main] FATAL com.bankapplication.model.account.BankAccountRegister:165 - Entere First Name :
11-08-2020 Sunday CST 21:58:23.386   [main] TRACE com.bankapplication.model.account.BankAccountRegister:167 - FirstName:mukesh
11-08-2020 Sunday CST 21:58:23.386   [main] FATAL com.bankapplication.model.account.BankAccountRegister:169 - Entere Surname Name :
11-08-2020 Sunday CST 21:58:25.083   [main] TRACE com.bankapplication.model.account.BankAccountRegister:171 - SureName:ajfkadjf
11-08-2020 Sunday CST 21:58:25.083   [main] FATAL com.bankapplication.model.account.BankAccountRegister:173 - Address :
11-08-2020 Sunday CST 21:58:26.742   [main] TRACE com.bankapplication.model.account.BankAccountRegister:175 - Address:ajdfasjdf
11-08-2020 Sunday CST 21:58:26.742   [main] FATAL com.bankapplication.model.account.BankAccountRegister:177 - City :
11-08-2020 Sunday CST 21:58:29.223   [main] TRACE com.bankapplication.model.account.BankAccountRegister:179 - City:fjlf
11-08-2020 Sunday CST 21:58:29.224   [main] FATAL com.bankapplication.model.account.BankAccountRegister:181 - State :
11-08-2020 Sunday CST 21:58:31.150   [main] TRACE com.bankapplication.model.account.BankAccountRegister:183 - City:ljdfa
11-08-2020 Sunday CST 21:58:31.151   [main] FATAL com.bankapplication.model.account.BankAccountRegister:185 - PhoneNumber :
11-08-2020 Sunday CST 21:58:33.798   [main] TRACE com.bankapplication.model.account.BankAccountRegister:187 - City:897989
11-08-2020 Sunday CST 21:58:39.075   [main] FATAL com.bankapplication.model.account.BankAccountRegister:189 - Please Enter 10 digit Social Security Number(SSN) : 
11-08-2020 Sunday CST 22:02:27.015   [main] FATAL com.bankapplication.model.RegisterModel:112 - Please Enter Username:
11-08-2020 Sunday CST 22:02:29.429   [main] TRACE com.bankapplication.model.RegisterModel:114 - entered username:preet
11-08-2020 Sunday CST 22:02:29.429   [main] FATAL com.bankapplication.model.RegisterModel:115 - Please Enter Password:
11-08-2020 Sunday CST 22:02:31.273   [main] TRACE com.bankapplication.model.RegisterModel:117 - entered password:preet
11-08-2020 Sunday CST 22:02:33.164   [main] FATAL com.bankapplication.model.account.BankAccountRegister:194 - Type 1 - Checking Account :
11-08-2020 Sunday CST 22:02:33.165   [main] FATAL com.bankapplication.model.account.BankAccountRegister:195 - Type 2 - Saving Account :
11-08-2020 Sunday CST 22:02:33.165   [main] FATAL com.bankapplication.model.account.BankAccountRegister:196 - Type 3 - EXIT 
11-08-2020 Sunday CST 22:02:34.784   [main] ERROR com.bankapplication.model.account.BankAccountRegister:209 - Accouttype:1
11-08-2020 Sunday CST 22:02:34.785   [main] TRACE com.bankapplication.model.account.BankAccountRegister:247 - AccoutType:1
11-08-2020 Sunday CST 22:02:34.785   [main] FATAL com.bankapplication.model.account.BankAccountRegister:165 - Entere First Name :
11-08-2020 Sunday CST 22:02:35.933   [main] TRACE com.bankapplication.model.account.BankAccountRegister:167 - FirstName:aff
11-08-2020 Sunday CST 22:02:35.934   [main] FATAL com.bankapplication.model.account.BankAccountRegister:169 - Entere Surname Name :
11-08-2020 Sunday CST 22:02:36.914   [main] TRACE com.bankapplication.model.account.BankAccountRegister:171 - SureName:fadf
11-08-2020 Sunday CST 22:02:36.915   [main] FATAL com.bankapplication.model.account.BankAccountRegister:173 - Address :
11-08-2020 Sunday CST 22:02:37.626   [main] TRACE com.bankapplication.model.account.BankAccountRegister:175 - Address:fa
11-08-2020 Sunday CST 22:02:37.627   [main] FATAL com.bankapplication.model.account.BankAccountRegister:177 - City :
11-08-2020 Sunday CST 22:02:38.227   [main] TRACE com.bankapplication.model.account.BankAccountRegister:179 - City:f
11-08-2020 Sunday CST 22:02:38.228   [main] FATAL com.bankapplication.model.account.BankAccountRegister:181 - State :
11-08-2020 Sunday CST 22:02:39.192   [main] TRACE com.bankapplication.model.account.BankAccountRegister:183 - City:afdaf
11-08-2020 Sunday CST 22:02:39.193   [main] FATAL com.bankapplication.model.account.BankAccountRegister:185 - PhoneNumber :
11-08-2020 Sunday CST 22:02:42.293   [main] TRACE com.bankapplication.model.account.BankAccountRegister:187 - City:45464564
11-08-2020 Sunday CST 22:02:42.293   [main] FATAL com.bankapplication.model.account.BankAccountRegister:189 - Please Enter 10 digit Social Security Number(SSN) : 
11-08-2020 Sunday CST 22:02:44.641   [main] TRACE com.bankapplication.model.account.BankAccountRegister:191 - City:3434353
11-08-2020 Sunday CST 22:02:44.641   [main] TRACE com.bankapplication.model.account.BankAccountRegister:195 - JoiningDate:Sun Nov 08 22:02:44 CST 2020
11-08-2020 Sunday CST 22:03:56.159   [main] FATAL com.bankapplication.model.RegisterModel:112 - Please Enter Username:
11-08-2020 Sunday CST 22:03:58.930   [main] TRACE com.bankapplication.model.RegisterModel:114 - entered username:preet
11-08-2020 Sunday CST 22:03:58.930   [main] FATAL com.bankapplication.model.RegisterModel:115 - Please Enter Password:
11-08-2020 Sunday CST 22:04:01.348   [main] TRACE com.bankapplication.model.RegisterModel:117 - entered password:preet
11-08-2020 Sunday CST 22:04:03.168   [main] FATAL com.bankapplication.model.account.BankAccountRegister:194 - Type 1 - Checking Account :
11-08-2020 Sunday CST 22:04:03.169   [main] FATAL com.bankapplication.model.account.BankAccountRegister:195 - Type 2 - Saving Account :
11-08-2020 Sunday CST 22:04:03.169   [main] FATAL com.bankapplication.model.account.BankAccountRegister:196 - Type 3 - EXIT 
11-08-2020 Sunday CST 22:04:04.627   [main] ERROR com.bankapplication.model.account.BankAccountRegister:209 - Accouttype:1
11-08-2020 Sunday CST 22:04:04.627   [main] TRACE com.bankapplication.model.account.BankAccountRegister:247 - AccoutType:1
11-08-2020 Sunday CST 22:04:04.628   [main] FATAL com.bankapplication.model.account.BankAccountRegister:165 - Entere First Name :
11-08-2020 Sunday CST 22:04:06.255   [main] TRACE com.bankapplication.model.account.BankAccountRegister:167 - FirstName:faklfkalkdf
11-08-2020 Sunday CST 22:04:06.255   [main] FATAL com.bankapplication.model.account.BankAccountRegister:169 - Entere Surname Name :
11-08-2020 Sunday CST 22:04:07.412   [main] TRACE com.bankapplication.model.account.BankAccountRegister:171 - SureName:afflksf
11-08-2020 Sunday CST 22:04:07.413   [main] FATAL com.bankapplication.model.account.BankAccountRegister:173 - Address :
11-08-2020 Sunday CST 22:04:08.298   [main] TRACE com.bankapplication.model.account.BankAccountRegister:175 - Address:dflalf
11-08-2020 Sunday CST 22:04:08.299   [main] FATAL com.bankapplication.model.account.BankAccountRegister:177 - City :
11-08-2020 Sunday CST 22:04:09.266   [main] TRACE com.bankapplication.model.account.BankAccountRegister:179 - City:ldfalskd
11-08-2020 Sunday CST 22:04:09.266   [main] FATAL com.bankapplication.model.account.BankAccountRegister:181 - State :
11-08-2020 Sunday CST 22:04:10.225   [main] TRACE com.bankapplication.model.account.BankAccountRegister:183 - City:lfklskaf
11-08-2020 Sunday CST 22:04:10.226   [main] FATAL com.bankapplication.model.account.BankAccountRegister:185 - PhoneNumber :
11-08-2020 Sunday CST 22:04:13.364   [main] TRACE com.bankapplication.model.account.BankAccountRegister:187 - City:45454543
11-08-2020 Sunday CST 22:04:16.028   [main] FATAL com.bankapplication.model.account.BankAccountRegister:189 - Please Enter 10 digit Social Security Number(SSN) : 
11-08-2020 Sunday CST 22:04:31.270   [main] TRACE com.bankapplication.model.account.BankAccountRegister:191 - City:43894394
11-08-2020 Sunday CST 22:04:34.242   [main] TRACE com.bankapplication.model.account.BankAccountRegister:195 - JoiningDate:Sun Nov 08 22:04:32 CST 2020
11-08-2020 Sunday CST 22:12:00.091   [main] FATAL com.bankapplication.model.RegisterModel:112 - Please Enter Username:
11-08-2020 Sunday CST 22:12:02.181   [main] TRACE com.bankapplication.model.RegisterModel:114 - entered username:preet
11-08-2020 Sunday CST 22:12:02.182   [main] FATAL com.bankapplication.model.RegisterModel:115 - Please Enter Password:
11-08-2020 Sunday CST 22:12:03.821   [main] TRACE com.bankapplication.model.RegisterModel:117 - entered password:preet
11-08-2020 Sunday CST 22:12:05.533   [main] FATAL com.bankapplication.model.account.BankAccountRegister:194 - Type 1 - Checking Account :
11-08-2020 Sunday CST 22:12:05.533   [main] FATAL com.bankapplication.model.account.BankAccountRegister:195 - Type 2 - Saving Account :
11-08-2020 Sunday CST 22:12:05.534   [main] FATAL com.bankapplication.model.account.BankAccountRegister:196 - Type 3 - EXIT 
11-08-2020 Sunday CST 22:12:07.374   [main] ERROR com.bankapplication.model.account.BankAccountRegister:209 - Accouttype:1
11-08-2020 Sunday CST 22:12:07.374   [main] TRACE com.bankapplication.model.account.BankAccountRegister:247 - AccoutType:1
11-08-2020 Sunday CST 22:12:07.375   [main] FATAL com.bankapplication.model.account.BankAccountRegister:165 - Entere First Name :
11-08-2020 Sunday CST 22:12:09.427   [main] TRACE com.bankapplication.model.account.BankAccountRegister:167 - FirstName:fjsalkf
11-08-2020 Sunday CST 22:12:09.427   [main] FATAL com.bankapplication.model.account.BankAccountRegister:169 - Entere Surname Name :
11-08-2020 Sunday CST 22:12:10.333   [main] TRACE com.bankapplication.model.account.BankAccountRegister:171 - SureName:kflak
11-08-2020 Sunday CST 22:12:10.333   [main] FATAL com.bankapplication.model.account.BankAccountRegister:173 - Address :
11-08-2020 Sunday CST 22:12:11.337   [main] TRACE com.bankapplication.model.account.BankAccountRegister:175 - Address:lkfjdls
11-08-2020 Sunday CST 22:12:11.337   [main] FATAL com.bankapplication.model.account.BankAccountRegister:177 - City :
11-08-2020 Sunday CST 22:12:12.202   [main] TRACE com.bankapplication.model.account.BankAccountRegister:179 - City:kdfj
11-08-2020 Sunday CST 22:12:12.203   [main] FATAL com.bankapplication.model.account.BankAccountRegister:181 - State :
11-08-2020 Sunday CST 22:12:13.157   [main] TRACE com.bankapplication.model.account.BankAccountRegister:183 - City:jkjdf
11-08-2020 Sunday CST 22:12:13.158   [main] FATAL com.bankapplication.model.account.BankAccountRegister:185 - PhoneNumber :
11-08-2020 Sunday CST 22:12:14.707   [main] TRACE com.bankapplication.model.account.BankAccountRegister:187 - City:232323
11-08-2020 Sunday CST 22:12:18.062   [main] FATAL com.bankapplication.model.account.BankAccountRegister:189 - Please Enter 10 digit Social Security Number(SSN) : 
11-08-2020 Sunday CST 22:12:25.226   [main] TRACE com.bankapplication.model.account.BankAccountRegister:191 - City:323232323
11-08-2020 Sunday CST 22:12:26.027   [main] TRACE com.bankapplication.model.account.BankAccountRegister:195 - JoiningDate:Sun Nov 08 22:12:25 CST 2020
11-09-2020 Monday CST 06:19:26.913   [main] FATAL com.bankapplication.model.RegisterModel:112 - Please Enter Username:
11-09-2020 Monday CST 06:19:29.092   [main] TRACE com.bankapplication.model.RegisterModel:114 - entered username:preet
11-09-2020 Monday CST 06:19:29.093   [main] FATAL com.bankapplication.model.RegisterModel:115 - Please Enter Password:
11-09-2020 Monday CST 06:19:30.931   [main] TRACE com.bankapplication.model.RegisterModel:117 - entered password:preet
11-09-2020 Monday CST 06:19:33.580   [main] FATAL com.bankapplication.model.account.BankAccountRegister:194 - Type 1 - Checking Account :
11-09-2020 Monday CST 06:19:33.580   [main] FATAL com.bankapplication.model.account.BankAccountRegister:195 - Type 2 - Saving Account :
11-09-2020 Monday CST 06:19:33.580   [main] FATAL com.bankapplication.model.account.BankAccountRegister:196 - Type 3 - EXIT 
11-09-2020 Monday CST 06:19:35.195   [main] ERROR com.bankapplication.model.account.BankAccountRegister:209 - Accouttype:1
11-09-2020 Monday CST 06:19:35.195   [main] TRACE com.bankapplication.model.account.BankAccountRegister:247 - AccoutType:1
11-09-2020 Monday CST 06:19:35.196   [main] FATAL com.bankapplication.model.account.BankAccountRegister:165 - Entere First Name :
11-09-2020 Monday CST 06:19:37.121   [main] TRACE com.bankapplication.model.account.BankAccountRegister:167 - FirstName:dfadsf
11-09-2020 Monday CST 06:19:37.121   [main] FATAL com.bankapplication.model.account.BankAccountRegister:169 - Entere Surname Name :
11-09-2020 Monday CST 06:19:37.989   [main] TRACE com.bankapplication.model.account.BankAccountRegister:171 - SureName:lfklsdf
11-09-2020 Monday CST 06:19:37.989   [main] FATAL com.bankapplication.model.account.BankAccountRegister:173 - Address :
11-09-2020 Monday CST 06:19:38.846   [main] TRACE com.bankapplication.model.account.BankAccountRegister:175 - Address:lklfdk
11-09-2020 Monday CST 06:19:38.846   [main] FATAL com.bankapplication.model.account.BankAccountRegister:177 - City :
11-09-2020 Monday CST 06:19:39.850   [main] TRACE com.bankapplication.model.account.BankAccountRegister:179 - City:lkflsd
11-09-2020 Monday CST 06:19:39.850   [main] FATAL com.bankapplication.model.account.BankAccountRegister:181 - State :
11-09-2020 Monday CST 06:19:40.775   [main] TRACE com.bankapplication.model.account.BankAccountRegister:183 - City:lfldk
11-09-2020 Monday CST 06:19:40.775   [main] FATAL com.bankapplication.model.account.BankAccountRegister:185 - PhoneNumber :
11-09-2020 Monday CST 06:19:43.238   [main] TRACE com.bankapplication.model.account.BankAccountRegister:187 - City:3434
11-09-2020 Monday CST 06:19:43.239   [main] FATAL com.bankapplication.model.account.BankAccountRegister:189 - Please Enter 10 digit Social Security Number(SSN) : 
11-09-2020 Monday CST 06:19:46.902   [main] TRACE com.bankapplication.model.account.BankAccountRegister:191 - City:23204320434
11-09-2020 Monday CST 06:19:46.903   [main] TRACE com.bankapplication.model.account.BankAccountRegister:195 - JoiningDate:Mon Nov 09 06:19:46 CST 2020
11-09-2020 Monday CST 06:19:46.903   [main] TRACE com.bankapplication.model.account.BankAccountRegister:220 - Customer_RegisterId:1
11-09-2020 Monday CST 06:19:46.903   [main] FATAL com.bankapplication.model.account.BankAccountRegister:272 - Entere Your Opening Balance Amount : $
11-09-2020 Monday CST 06:19:51.179   [main] TRACE com.bankapplication.model.account.BankAccountRegister:277 - opening Balance :$12.0
11-09-2020 Monday CST 06:19:51.179   [main] TRACE com.bankapplication.model.account.BankAccountRegister:278 - Balance :$12.0
11-09-2020 Monday CST 06:19:51.180   [main] FATAL com.bankapplication.model.customer.CustomerMenu:100 - You opened Bank Account Succefully!
11-09-2020 Monday CST 06:21:31.461   [main] FATAL com.bankapplication.model.RegisterModel:112 - Please Enter Username:
11-09-2020 Monday CST 06:21:33.261   [main] TRACE com.bankapplication.model.RegisterModel:114 - entered username:preet
11-09-2020 Monday CST 06:21:33.262   [main] FATAL com.bankapplication.model.RegisterModel:115 - Please Enter Password:
11-09-2020 Monday CST 06:21:34.904   [main] TRACE com.bankapplication.model.RegisterModel:117 - entered password:preet
11-09-2020 Monday CST 06:21:36.483   [main] FATAL com.bankapplication.model.account.BankAccountRegister:194 - Type 1 - Checking Account :
11-09-2020 Monday CST 06:21:36.484   [main] FATAL com.bankapplication.model.account.BankAccountRegister:195 - Type 2 - Saving Account :
11-09-2020 Monday CST 06:21:36.484   [main] FATAL com.bankapplication.model.account.BankAccountRegister:196 - Type 3 - EXIT 
11-09-2020 Monday CST 06:21:38.070   [main] ERROR com.bankapplication.model.account.BankAccountRegister:209 - Accouttype:1
11-09-2020 Monday CST 06:21:38.071   [main] TRACE com.bankapplication.model.account.BankAccountRegister:247 - AccoutType:1
11-09-2020 Monday CST 06:21:38.071   [main] FATAL com.bankapplication.model.account.BankAccountRegister:165 - Entere First Name :
11-09-2020 Monday CST 06:21:40.808   [main] TRACE com.bankapplication.model.account.BankAccountRegister:167 - FirstName:jkdfja
11-09-2020 Monday CST 06:21:40.809   [main] FATAL com.bankapplication.model.account.BankAccountRegister:169 - Entere Surname Name :
11-09-2020 Monday CST 06:21:41.686   [main] TRACE com.bankapplication.model.account.BankAccountRegister:171 - SureName:kfjk
11-09-2020 Monday CST 06:21:41.686   [main] FATAL com.bankapplication.model.account.BankAccountRegister:173 - Address :
11-09-2020 Monday CST 06:21:42.495   [main] TRACE com.bankapplication.model.account.BankAccountRegister:175 - Address:jkf
11-09-2020 Monday CST 06:21:42.495   [main] FATAL com.bankapplication.model.account.BankAccountRegister:177 - City :
11-09-2020 Monday CST 06:21:43.300   [main] TRACE com.bankapplication.model.account.BankAccountRegister:179 - City:kjk
11-09-2020 Monday CST 06:21:43.300   [main] FATAL com.bankapplication.model.account.BankAccountRegister:181 - State :
11-09-2020 Monday CST 06:21:44.111   [main] TRACE com.bankapplication.model.account.BankAccountRegister:183 - City:jkjf
11-09-2020 Monday CST 06:21:44.112   [main] FATAL com.bankapplication.model.account.BankAccountRegister:185 - PhoneNumber :
11-09-2020 Monday CST 06:21:46.272   [main] TRACE com.bankapplication.model.account.BankAccountRegister:187 - City:43434
11-09-2020 Monday CST 06:21:46.272   [main] FATAL com.bankapplication.model.account.BankAccountRegister:189 - Please Enter 10 digit Social Security Number(SSN) : 
11-09-2020 Monday CST 06:21:48.707   [main] TRACE com.bankapplication.model.account.BankAccountRegister:191 - City:3434234
11-09-2020 Monday CST 06:21:48.707   [main] TRACE com.bankapplication.model.account.BankAccountRegister:195 - JoiningDate:Mon Nov 09 06:21:48 CST 2020
11-09-2020 Monday CST 06:21:48.708   [main] TRACE com.bankapplication.model.account.BankAccountRegister:220 - Customer_RegisterId:1
11-09-2020 Monday CST 06:21:48.708   [main] FATAL com.bankapplication.model.account.BankAccountRegister:272 - Entere Your Opening Balance Amount : $
11-09-2020 Monday CST 06:21:50.550   [main] TRACE com.bankapplication.model.account.BankAccountRegister:277 - opening Balance :$23.0
11-09-2020 Monday CST 06:21:50.550   [main] TRACE com.bankapplication.model.account.BankAccountRegister:278 - Balance :$23.0
11-09-2020 Monday CST 06:21:50.551   [main] FATAL com.bankapplication.model.customer.CustomerMenu:103 - You opened Bank Account Succefully!
11-09-2020 Monday CST 08:44:23.490   [main] FATAL com.bankapplication.model.RegisterModel:112 - Please Enter Username:
11-09-2020 Monday CST 08:44:26.798   [main] TRACE com.bankapplication.model.RegisterModel:114 - entered username:preet
11-09-2020 Monday CST 08:44:26.798   [main] FATAL com.bankapplication.model.RegisterModel:115 - Please Enter Password:
11-09-2020 Monday CST 08:44:28.603   [main] TRACE com.bankapplication.model.RegisterModel:117 - entered password:preet
11-09-2020 Monday CST 08:44:30.689   [main] FATAL com.bankapplication.model.account.BankAccountRegister:194 - Type 1 - Checking Account :
11-09-2020 Monday CST 08:44:30.689   [main] FATAL com.bankapplication.model.account.BankAccountRegister:195 - Type 2 - Saving Account :
11-09-2020 Monday CST 08:44:30.690   [main] FATAL com.bankapplication.model.account.BankAccountRegister:196 - Type 3 - EXIT 
11-09-2020 Monday CST 08:44:32.599   [main] ERROR com.bankapplication.model.account.BankAccountRegister:209 - Accouttype:1
11-09-2020 Monday CST 08:44:32.600   [main] TRACE com.bankapplication.model.account.BankAccountRegister:247 - AccoutType:1
11-09-2020 Monday CST 08:44:32.600   [main] FATAL com.bankapplication.model.account.BankAccountRegister:165 - Entere First Name :
11-09-2020 Monday CST 08:44:34.855   [main] TRACE com.bankapplication.model.account.BankAccountRegister:167 - FirstName:mukesh
11-09-2020 Monday CST 08:44:34.855   [main] FATAL com.bankapplication.model.account.BankAccountRegister:169 - Entere Surname Name :
11-09-2020 Monday CST 08:44:38.264   [main] TRACE com.bankapplication.model.account.BankAccountRegister:171 - SureName:chaudhary
11-09-2020 Monday CST 08:44:38.264   [main] FATAL com.bankapplication.model.account.BankAccountRegister:173 - Address :
11-09-2020 Monday CST 08:44:54.808   [main] TRACE com.bankapplication.model.account.BankAccountRegister:175 - Address:5762 N Kenmore Apt 1
11-09-2020 Monday CST 08:44:54.809   [main] FATAL com.bankapplication.model.account.BankAccountRegister:177 - City :
11-09-2020 Monday CST 08:44:57.288   [main] TRACE com.bankapplication.model.account.BankAccountRegister:179 - City:chicago
11-09-2020 Monday CST 08:44:57.288   [main] FATAL com.bankapplication.model.account.BankAccountRegister:181 - State :
11-09-2020 Monday CST 08:44:58.716   [main] TRACE com.bankapplication.model.account.BankAccountRegister:183 - City:il
11-09-2020 Monday CST 08:44:58.717   [main] FATAL com.bankapplication.model.account.BankAccountRegister:185 - PhoneNumber :
11-09-2020 Monday CST 08:45:03.632   [main] TRACE com.bankapplication.model.account.BankAccountRegister:187 - City:7799979798
11-09-2020 Monday CST 08:45:03.632   [main] FATAL com.bankapplication.model.account.BankAccountRegister:189 - Please Enter 10 digit Social Security Number(SSN) : 
11-09-2020 Monday CST 08:45:45.502   [main] TRACE com.bankapplication.model.account.BankAccountRegister:191 - City:232323279739273
11-09-2020 Monday CST 08:45:45.502   [main] TRACE com.bankapplication.model.account.BankAccountRegister:195 - JoiningDate:Mon Nov 09 08:45:45 CST 2020
11-09-2020 Monday CST 08:45:45.502   [main] TRACE com.bankapplication.model.account.BankAccountRegister:220 - Customer_RegisterId:1
11-09-2020 Monday CST 08:45:45.503   [main] FATAL com.bankapplication.model.account.BankAccountRegister:272 - Entere Your Opening Balance Amount : $
11-09-2020 Monday CST 08:45:49.500   [main] TRACE com.bankapplication.model.account.BankAccountRegister:277 - opening Balance :$100.0
11-09-2020 Monday CST 08:45:49.500   [main] TRACE com.bankapplication.model.account.BankAccountRegister:278 - Balance :$100.0
11-09-2020 Monday CST 08:45:49.528   [main] FATAL com.bankapplication.model.customer.CustomerMenu:105 - Sorry !!! Account haven't been opend yet ... Please Try Again Or Contact Any Local Bank Agent !!
11-09-2020 Monday CST 08:47:34.885   [main] FATAL com.bankapplication.model.RegisterModel:112 - Please Enter Username:
11-09-2020 Monday CST 08:47:38.509   [main] TRACE com.bankapplication.model.RegisterModel:114 - entered username:preet
11-09-2020 Monday CST 08:47:38.510   [main] FATAL com.bankapplication.model.RegisterModel:115 - Please Enter Password:
11-09-2020 Monday CST 08:47:40.835   [main] TRACE com.bankapplication.model.RegisterModel:117 - entered password:preet
11-09-2020 Monday CST 08:47:42.765   [main] FATAL com.bankapplication.model.account.BankAccountRegister:194 - Type 1 - Checking Account :
11-09-2020 Monday CST 08:47:42.766   [main] FATAL com.bankapplication.model.account.BankAccountRegister:195 - Type 2 - Saving Account :
11-09-2020 Monday CST 08:47:42.766   [main] FATAL com.bankapplication.model.account.BankAccountRegister:196 - Type 3 - EXIT 
11-09-2020 Monday CST 08:47:44.358   [main] ERROR com.bankapplication.model.account.BankAccountRegister:209 - Accouttype:1
11-09-2020 Monday CST 08:47:44.359   [main] TRACE com.bankapplication.model.account.BankAccountRegister:247 - AccoutType:1
11-09-2020 Monday CST 08:47:44.359   [main] FATAL com.bankapplication.model.account.BankAccountRegister:165 - Entere First Name :
11-09-2020 Monday CST 08:47:50.139   [main] TRACE com.bankapplication.model.account.BankAccountRegister:167 - FirstName:preet
11-09-2020 Monday CST 08:47:50.140   [main] FATAL com.bankapplication.model.account.BankAccountRegister:169 - Entere Surname Name :
11-09-2020 Monday CST 08:47:53.521   [main] TRACE com.bankapplication.model.account.BankAccountRegister:171 - SureName:chaudahry
11-09-2020 Monday CST 08:47:53.521   [main] FATAL com.bankapplication.model.account.BankAccountRegister:173 - Address :
11-09-2020 Monday CST 08:48:00.056   [main] TRACE com.bankapplication.model.account.BankAccountRegister:175 - Address:456 N Kenmore Ave
11-09-2020 Monday CST 08:48:00.057   [main] FATAL com.bankapplication.model.account.BankAccountRegister:177 - City :
11-09-2020 Monday CST 08:48:03.109   [main] TRACE com.bankapplication.model.account.BankAccountRegister:179 - City:chicago
11-09-2020 Monday CST 08:48:03.110   [main] FATAL com.bankapplication.model.account.BankAccountRegister:181 - State :
11-09-2020 Monday CST 08:48:04.912   [main] TRACE com.bankapplication.model.account.BankAccountRegister:183 - City:il
11-09-2020 Monday CST 08:48:04.913   [main] FATAL com.bankapplication.model.account.BankAccountRegister:185 - PhoneNumber :
11-09-2020 Monday CST 08:48:09.440   [main] TRACE com.bankapplication.model.account.BankAccountRegister:187 - City:343534564646
11-09-2020 Monday CST 08:48:15.540   [main] FATAL com.bankapplication.model.account.BankAccountRegister:189 - Please Enter 10 digit Social Security Number(SSN) : 
11-09-2020 Monday CST 08:48:24.295   [main] TRACE com.bankapplication.model.account.BankAccountRegister:191 - City:6836438463434
11-09-2020 Monday CST 08:48:25.344   [main] TRACE com.bankapplication.model.account.BankAccountRegister:195 - JoiningDate:Mon Nov 09 08:48:24 CST 2020
11-09-2020 Monday CST 08:48:26.338   [main] TRACE com.bankapplication.model.account.BankAccountRegister:220 - Customer_RegisterId:1
11-09-2020 Monday CST 08:48:29.278   [main] FATAL com.bankapplication.model.account.BankAccountRegister:272 - Entere Your Opening Balance Amount : $
11-09-2020 Monday CST 08:48:38.851   [main] TRACE com.bankapplication.model.account.BankAccountRegister:277 - opening Balance :$1000.0
11-09-2020 Monday CST 08:48:39.140   [main] TRACE com.bankapplication.model.account.BankAccountRegister:278 - Balance :$1000.0
11-09-2020 Monday CST 08:55:37.833   [main] FATAL com.bankapplication.model.RegisterModel:112 - Please Enter Username:
11-09-2020 Monday CST 08:55:40.366   [main] TRACE com.bankapplication.model.RegisterModel:114 - entered username:preet
11-09-2020 Monday CST 08:55:40.366   [main] FATAL com.bankapplication.model.RegisterModel:115 - Please Enter Password:
11-09-2020 Monday CST 08:55:42.774   [main] TRACE com.bankapplication.model.RegisterModel:117 - entered password:preet
11-09-2020 Monday CST 08:55:44.746   [main] FATAL com.bankapplication.model.account.BankAccountRegister:194 - Type 1 - Checking Account :
11-09-2020 Monday CST 08:55:44.746   [main] FATAL com.bankapplication.model.account.BankAccountRegister:195 - Type 2 - Saving Account :
11-09-2020 Monday CST 08:55:44.746   [main] FATAL com.bankapplication.model.account.BankAccountRegister:196 - Type 3 - EXIT 
11-09-2020 Monday CST 08:55:46.296   [main] ERROR com.bankapplication.model.account.BankAccountRegister:209 - Accouttype:1
11-09-2020 Monday CST 08:55:46.296   [main] TRACE com.bankapplication.model.account.BankAccountRegister:247 - AccoutType:1
11-09-2020 Monday CST 08:55:46.296   [main] FATAL com.bankapplication.model.account.BankAccountRegister:165 - Entere First Name :
11-09-2020 Monday CST 08:55:49.459   [main] TRACE com.bankapplication.model.account.BankAccountRegister:167 - FirstName:preet
11-09-2020 Monday CST 08:55:49.459   [main] FATAL com.bankapplication.model.account.BankAccountRegister:169 - Entere Surname Name :
11-09-2020 Monday CST 08:55:52.324   [main] TRACE com.bankapplication.model.account.BankAccountRegister:171 - SureName:chaudahry
11-09-2020 Monday CST 08:55:52.324   [main] FATAL com.bankapplication.model.account.BankAccountRegister:173 - Address :
11-09-2020 Monday CST 08:55:59.358   [main] TRACE com.bankapplication.model.account.BankAccountRegister:175 - Address:5620 N Kenmore aCe 
11-09-2020 Monday CST 08:55:59.358   [main] FATAL com.bankapplication.model.account.BankAccountRegister:177 - City :
11-09-2020 Monday CST 08:56:02.307   [main] TRACE com.bankapplication.model.account.BankAccountRegister:179 - City:chicago
11-09-2020 Monday CST 08:56:02.308   [main] FATAL com.bankapplication.model.account.BankAccountRegister:181 - State :
11-09-2020 Monday CST 08:56:03.985   [main] TRACE com.bankapplication.model.account.BankAccountRegister:183 - City:il
11-09-2020 Monday CST 08:56:03.986   [main] FATAL com.bankapplication.model.account.BankAccountRegister:185 - PhoneNumber :
11-09-2020 Monday CST 08:56:06.671   [main] TRACE com.bankapplication.model.account.BankAccountRegister:187 - City:89797979
11-09-2020 Monday CST 08:56:06.671   [main] FATAL com.bankapplication.model.account.BankAccountRegister:189 - Please Enter 10 digit Social Security Number(SSN) : 
11-09-2020 Monday CST 08:56:09.206   [main] TRACE com.bankapplication.model.account.BankAccountRegister:191 - City:2323243535
11-09-2020 Monday CST 08:56:09.207   [main] TRACE com.bankapplication.model.account.BankAccountRegister:195 - JoiningDate:Mon Nov 09 08:56:09 CST 2020
11-09-2020 Monday CST 08:56:09.208   [main] TRACE com.bankapplication.model.account.BankAccountRegister:220 - Customer_RegisterId:1
11-09-2020 Monday CST 08:56:09.208   [main] FATAL com.bankapplication.model.account.BankAccountRegister:272 - Entere Your Opening Balance Amount : $
11-09-2020 Monday CST 08:56:11.937   [main] TRACE com.bankapplication.model.account.BankAccountRegister:277 - opening Balance :$1000.0
11-09-2020 Monday CST 08:56:11.937   [main] TRACE com.bankapplication.model.account.BankAccountRegister:278 - Balance :$1000.0
11-09-2020 Monday CST 08:56:11.975   [main] FATAL com.bankapplication.model.customer.CustomerMenu:104 - You opened Bank Account Succefully!
